0 verbose cli E:\coding\code stack\nodejs\node.exe E:\coding\code stack\nodejs\node_modules\npm\bin\npm-cli.js
1 info using npm@11.6.2
2 info using node@v24.13.0
3 silly config load:file:E:\coding\code stack\nodejs\node_modules\npm\npmrc
4 silly config load:file:E:\coding\VSCODE\Porto\.npmrc
5 silly config load:file:C:\Users\LENOVO\.npmrc
6 silly config load:file:C:\Users\LENOVO\AppData\Roaming\npm\etc\npmrc
7 verbose title npm install
8 verbose argv "install" "--cache" ".npm-cache" "--no-update-notifier"
9 verbose logfile logs-max:10 dir:E:\coding\VSCODE\Porto\.npm-cache\_logs\2026-04-21T12_54_20_475Z-
10 verbose logfile E:\coding\VSCODE\Porto\.npm-cache\_logs\2026-04-21T12_54_20_475Z-debug-0.log
11 silly logfile done cleaning log files
12 silly packumentCache heap:2348810240 maxSize:587202560 maxEntrySize:293601280
13 silly idealTree buildDeps
14 silly fetch manifest react@^18.3.1
15 silly packumentCache full:https://registry.npmjs.org/react cache-miss
16 http fetch GET 200 https://registry.npmjs.org/react 983ms (cache miss)
17 silly packumentCache full:https://registry.npmjs.org/react set size:undefined disposed:false
18 silly fetch manifest react-dom@^18.3.1
19 silly packumentCache full:https://registry.npmjs.org/react-dom cache-miss
20 http fetch GET 200 https://registry.npmjs.org/react-dom 1116ms (cache miss)
21 silly packumentCache full:https://registry.npmjs.org/react-dom set size:undefined disposed:false
22 silly fetch manifest @vitejs/plugin-react@^4.3.1
23 silly packumentCache full:https://registry.npmjs.org/@vitejs%2fplugin-react cache-miss
24 http fetch GET 200 https://registry.npmjs.org/@vitejs%2fplugin-react 247ms (cache miss)
25 silly packumentCache full:https://registry.npmjs.org/@vitejs%2fplugin-react set size:undefined disposed:false
26 silly fetch manifest vite@^5.4.10
27 silly packumentCache full:https://registry.npmjs.org/vite cache-miss
28 http fetch GET 200 https://registry.npmjs.org/vite 3156ms (cache miss)
29 silly packumentCache full:https://registry.npmjs.org/vite set size:undefined disposed:false
30 silly fetch manifest @types/node@^18.0.0 || >=20.0.0
31 silly packumentCache full:https://registry.npmjs.org/@types%2fnode cache-miss
32 http fetch GET 200 https://registry.npmjs.org/@types%2fnode 843ms (cache miss)
33 silly packumentCache full:https://registry.npmjs.org/@types%2fnode set size:undefined disposed:false
34 silly fetch manifest less@*
35 silly packumentCache full:https://registry.npmjs.org/less cache-miss
36 http fetch GET 200 https://registry.npmjs.org/less 90ms (cache miss)
37 silly packumentCache full:https://registry.npmjs.org/less set size:undefined disposed:false
38 silly fetch manifest lightningcss@^1.21.0
39 silly packumentCache full:https://registry.npmjs.org/lightningcss cache-miss
40 http fetch GET 200 https://registry.npmjs.org/lightningcss 69ms (cache miss)
41 silly packumentCache full:https://registry.npmjs.org/lightningcss set size:undefined disposed:false
42 silly fetch manifest sass@*
43 silly packumentCache full:https://registry.npmjs.org/sass cache-miss
44 http fetch GET 200 https://registry.npmjs.org/sass 362ms (cache miss)
45 silly packumentCache full:https://registry.npmjs.org/sass set size:undefined disposed:false
46 silly fetch manifest sass-embedded@*
47 silly packumentCache full:https://registry.npmjs.org/sass-embedded cache-miss
48 http fetch GET 200 https://registry.npmjs.org/sass-embedded 673ms (cache miss)
49 silly packumentCache full:https://registry.npmjs.org/sass-embedded set size:undefined disposed:false
50 silly fetch manifest stylus@*
51 silly packumentCache full:https://registry.npmjs.org/stylus cache-miss
52 http fetch GET 200 https://registry.npmjs.org/stylus 79ms (cache miss)
53 silly packumentCache full:https://registry.npmjs.org/stylus set size:undefined disposed:false
54 silly fetch manifest sugarss@*
55 silly packumentCache full:https://registry.npmjs.org/sugarss cache-miss
56 http fetch GET 200 https://registry.npmjs.org/sugarss 52ms (cache miss)
57 silly packumentCache full:https://registry.npmjs.org/sugarss set size:undefined disposed:false
58 silly fetch manifest postcss@^8.3.3
59 silly packumentCache full:https://registry.npmjs.org/postcss cache-miss
60 http fetch GET 200 https://registry.npmjs.org/postcss 127ms (cache miss)
61 silly packumentCache full:https://registry.npmjs.org/postcss set size:undefined disposed:false
62 silly fetch manifest terser@^5.4.0
63 silly packumentCache full:https://registry.npmjs.org/terser cache-miss
64 http fetch GET 200 https://registry.npmjs.org/terser 122ms (cache miss)
65 silly packumentCache full:https://registry.npmjs.org/terser set size:undefined disposed:false
66 silly placeDep ROOT @vitejs/plugin-react@4.7.0 OK for: porto-linktree@0.1.0 want: ^4.3.1
67 silly placeDep ROOT vite@5.4.21 OK for: @vitejs/plugin-react@4.7.0 want: ^4.2.0 || ^5.0.0 || ^6.0.0 || ^7.0.0
68 silly placeDep ROOT react@18.3.1 OK for: porto-linktree@0.1.0 want: ^18.3.1
69 silly placeDep ROOT react-dom@18.3.1 OK for: porto-linktree@0.1.0 want: ^18.3.1
70 silly fetch manifest @babel/core@^7.28.0
71 silly packumentCache full:https://registry.npmjs.org/@babel%2fcore cache-miss
72 silly fetch manifest react-refresh@^0.17.0
73 silly packumentCache full:https://registry.npmjs.org/react-refresh cache-miss
74 silly fetch manifest @types/babel__core@^7.20.5
75 silly packumentCache full:https://registry.npmjs.org/@types%2fbabel__core cache-miss
76 silly fetch manifest @rolldown/pluginutils@1.0.0-beta.27
77 silly packumentCache full:https://registry.npmjs.org/@rolldown%2fpluginutils cache-miss
78 silly fetch manifest @babel/plugin-transform-react-jsx-self@^7.27.1
79 silly packumentCache full:https://registry.npmjs.org/@babel%2fplugin-transform-react-jsx-self cache-miss
80 silly fetch manifest @babel/plugin-transform-react-jsx-source@^7.27.1
81 silly packumentCache full:https://registry.npmjs.org/@babel%2fplugin-transform-react-jsx-source cache-miss
82 silly fetch manifest rollup@^4.20.0
83 silly packumentCache full:https://registry.npmjs.org/rollup cache-miss
84 silly fetch manifest esbuild@^0.21.3
85 silly packumentCache full:https://registry.npmjs.org/esbuild cache-miss
86 silly fetch manifest postcss@^8.4.43
87 silly packumentCache full:https://registry.npmjs.org/postcss cache-miss
88 silly fetch manifest fsevents@~2.3.3
89 silly packumentCache full:https://registry.npmjs.org/fsevents cache-miss
90 silly fetch manifest loose-envify@^1.1.0
91 silly packumentCache full:https://registry.npmjs.org/loose-envify cache-miss
92 http cache https://registry.npmjs.org/postcss 36ms (cache hit)
93 silly packumentCache full:https://registry.npmjs.org/postcss set size:708244 disposed:false
94 silly fetch manifest scheduler@^0.23.2
95 silly packumentCache full:https://registry.npmjs.org/scheduler cache-miss
96 http fetch GET 200 https://registry.npmjs.org/@babel%2fcore 162ms (cache miss)
97 silly packumentCache full:https://registry.npmjs.org/@babel%2fcore set size:undefined disposed:false
98 silly fetch manifest loose-envify@^1.1.0
99 silly packumentCache full:https://registry.npmjs.org/loose-envify cache-miss
100 http fetch GET 200 https://registry.npmjs.org/@rolldown%2fpluginutils 180ms (cache miss)
101 silly packumentCache full:https://registry.npmjs.org/@rolldown%2fpluginutils set size:undefined disposed:false
102 http fetch GET 200 https://registry.npmjs.org/fsevents 226ms (cache miss)
103 silly packumentCache full:https://registry.npmjs.org/fsevents set size:undefined disposed:false
104 http fetch GET 200 https://registry.npmjs.org/loose-envify 239ms (cache miss)
105 silly packumentCache full:https://registry.npmjs.org/loose-envify set size:undefined disposed:false
106 http fetch GET 200 https://registry.npmjs.org/@types%2fbabel__core 260ms (cache miss)
107 silly packumentCache full:https://registry.npmjs.org/@types%2fbabel__core set size:undefined disposed:false
108 http fetch GET 200 https://registry.npmjs.org/loose-envify 136ms (cache miss)
109 silly packumentCache full:https://registry.npmjs.org/loose-envify set size:undefined disposed:false
110 http fetch GET 200 https://registry.npmjs.org/@babel%2fplugin-transform-react-jsx-source 453ms (cache miss)
111 silly packumentCache full:https://registry.npmjs.org/@babel%2fplugin-transform-react-jsx-source set size:undefined disposed:false
112 http fetch GET 200 https://registry.npmjs.org/esbuild 1013ms (cache miss)
113 silly packumentCache full:https://registry.npmjs.org/esbuild set size:undefined disposed:false
114 http fetch GET 200 https://registry.npmjs.org/rollup 1141ms (cache miss)
115 silly packumentCache full:https://registry.npmjs.org/rollup set size:undefined disposed:false
116 http fetch GET 200 https://registry.npmjs.org/@babel%2fplugin-transform-react-jsx-self 1327ms (cache miss)
117 silly packumentCache full:https://registry.npmjs.org/@babel%2fplugin-transform-react-jsx-self set size:undefined disposed:false
118 http fetch GET 200 https://registry.npmjs.org/scheduler 1837ms (cache miss)
119 silly packumentCache full:https://registry.npmjs.org/scheduler set size:undefined disposed:false
120 http fetch GET 200 https://registry.npmjs.org/react-refresh 2078ms (cache miss)
121 silly packumentCache full:https://registry.npmjs.org/react-refresh set size:undefined disposed:false
122 silly placeDep ROOT @babel/core@7.29.0 OK for: @vitejs/plugin-react@4.7.0 want: ^7.28.0
123 silly placeDep ROOT @babel/plugin-transform-react-jsx-self@7.27.1 OK for: @vitejs/plugin-react@4.7.0 want: ^7.27.1
124 silly placeDep ROOT @babel/plugin-transform-react-jsx-source@7.27.1 OK for: @vitejs/plugin-react@4.7.0 want: ^7.27.1
125 silly placeDep ROOT @rolldown/pluginutils@1.0.0-beta.27 OK for: @vitejs/plugin-react@4.7.0 want: 1.0.0-beta.27
126 silly placeDep ROOT @types/babel__core@7.20.5 OK for: @vitejs/plugin-react@4.7.0 want: ^7.20.5
127 silly placeDep ROOT react-refresh@0.17.0 OK for: @vitejs/plugin-react@4.7.0 want: ^0.17.0
128 silly fetch manifest debug@^4.1.0
129 silly packumentCache full:https://registry.npmjs.org/debug cache-miss
130 silly fetch manifest json5@^2.2.3
131 silly packumentCache full:https://registry.npmjs.org/json5 cache-miss
132 silly fetch manifest semver@^6.3.1
133 silly packumentCache full:https://registry.npmjs.org/semver cache-miss
134 silly fetch manifest gensync@^1.0.0-beta.2
135 silly packumentCache full:https://registry.npmjs.org/gensync cache-miss
136 silly fetch manifest @babel/types@^7.29.0
137 silly packumentCache full:https://registry.npmjs.org/@babel%2ftypes cache-miss
138 silly fetch manifest @babel/parser@^7.29.0
139 silly packumentCache full:https://registry.npmjs.org/@babel%2fparser cache-miss
140 silly fetch manifest @babel/helpers@^7.28.6
141 silly packumentCache full:https://registry.npmjs.org/@babel%2fhelpers cache-miss
142 silly fetch manifest @babel/template@^7.28.6
143 silly packumentCache full:https://registry.npmjs.org/@babel%2ftemplate cache-miss
144 silly fetch manifest @babel/traverse@^7.29.0
145 silly packumentCache full:https://registry.npmjs.org/@babel%2ftraverse cache-miss
146 silly fetch manifest @babel/generator@^7.29.0
147 silly packumentCache full:https://registry.npmjs.org/@babel%2fgenerator cache-miss
148 silly fetch manifest @babel/code-frame@^7.29.0
149 silly packumentCache full:https://registry.npmjs.org/@babel%2fcode-frame cache-miss
150 http fetch GET 200 https://registry.npmjs.org/gensync 50ms (cache miss)
151 silly packumentCache full:https://registry.npmjs.org/gensync set size:undefined disposed:false
152 silly fetch manifest convert-source-map@^2.0.0
153 silly packumentCache full:https://registry.npmjs.org/convert-source-map cache-miss
154 http fetch GET 200 https://registry.npmjs.org/debug 73ms (cache miss)
155 silly packumentCache full:https://registry.npmjs.org/debug set size:undefined disposed:false
156 silly fetch manifest @jridgewell/remapping@^2.3.5
157 silly packumentCache full:https://registry.npmjs.org/@jridgewell%2fremapping cache-miss
158 http fetch GET 200 https://registry.npmjs.org/json5 104ms (cache miss)
159 silly packumentCache full:https://registry.npmjs.org/json5 set size:undefined disposed:false
160 silly fetch manifest @babel/helper-module-transforms@^7.28.6
161 silly packumentCache full:https://registry.npmjs.org/@babel%2fhelper-module-transforms cache-miss
162 http fetch GET 200 https://registry.npmjs.org/semver 105ms (cache miss)
163 silly packumentCache full:https://registry.npmjs.org/semver set size:undefined disposed:false
164 silly fetch manifest @babel/helper-compilation-targets@^7.28.6
165 silly packumentCache full:https://registry.npmjs.org/@babel%2fhelper-compilation-targets cache-miss
166 http fetch GET 200 https://registry.npmjs.org/convert-source-map 174ms (cache miss)
167 silly packumentCache full:https://registry.npmjs.org/convert-source-map set size:undefined disposed:false
168 silly fetch manifest @babel/helper-plugin-utils@^7.27.1
169 silly packumentCache full:https://registry.npmjs.org/@babel%2fhelper-plugin-utils cache-miss
170 http fetch GET 200 https://registry.npmjs.org/@babel%2fcode-frame 239ms (cache miss)
171 silly packumentCache full:https://registry.npmjs.org/@babel%2fcode-frame set size:undefined disposed:false
172 silly fetch manifest @babel/helper-plugin-utils@^7.27.1
173 silly packumentCache full:https://registry.npmjs.org/@babel%2fhelper-plugin-utils cache-miss
174 http fetch GET 200 https://registry.npmjs.org/@jridgewell%2fremapping 189ms (cache miss)
175 silly packumentCache full:https://registry.npmjs.org/@jridgewell%2fremapping set size:undefined disposed:false
176 silly fetch manifest @babel/types@^7.20.7
177 silly packumentCache full:https://registry.npmjs.org/@babel%2ftypes cache-miss
178 http fetch GET 200 https://registry.npmjs.org/@babel%2ftemplate 284ms (cache miss)
179 silly packumentCache full:https://registry.npmjs.org/@babel%2ftemplate set size:undefined disposed:false
180 silly fetch manifest @babel/parser@^7.20.7
181 silly packumentCache full:https://registry.npmjs.org/@babel%2fparser cache-miss
182 http fetch GET 200 https://registry.npmjs.org/@babel%2ftraverse 401ms (cache miss)
183 silly packumentCache full:https://registry.npmjs.org/@babel%2ftraverse set size:undefined disposed:false
184 silly fetch manifest @types/babel__template@*
185 silly packumentCache full:https://registry.npmjs.org/@types%2fbabel__template cache-miss
186 http fetch GET 200 https://registry.npmjs.org/@babel%2ftypes 413ms (cache miss)
187 silly packumentCache full:https://registry.npmjs.org/@babel%2ftypes set size:undefined disposed:false
188 silly fetch manifest @types/babel__traverse@*
189 silly packumentCache full:https://registry.npmjs.org/@types%2fbabel__traverse cache-miss
190 http fetch GET 200 https://registry.npmjs.org/@babel%2fparser 423ms (cache miss)
191 silly packumentCache full:https://registry.npmjs.org/@babel%2fparser set size:undefined disposed:false
192 silly fetch manifest @types/babel__generator@*
193 silly packumentCache full:https://registry.npmjs.org/@types%2fbabel__generator cache-miss
194 http fetch GET 200 https://registry.npmjs.org/@babel%2fhelper-plugin-utils 260ms (cache miss)
195 silly packumentCache full:https://registry.npmjs.org/@babel%2fhelper-plugin-utils set size:undefined disposed:false
196 http fetch GET 200 https://registry.npmjs.org/@babel%2fhelpers 539ms (cache miss)
197 silly packumentCache full:https://registry.npmjs.org/@babel%2fhelpers set size:undefined disposed:false
198 http fetch GET 200 https://registry.npmjs.org/@babel%2fhelper-module-transforms 442ms (cache miss)
199 silly packumentCache full:https://registry.npmjs.org/@babel%2fhelper-module-transforms set size:undefined disposed:false
200 http fetch GET 200 https://registry.npmjs.org/@babel%2fhelper-plugin-utils 332ms (cache miss)
201 silly packumentCache full:https://registry.npmjs.org/@babel%2fhelper-plugin-utils set size:undefined disposed:false
202 http fetch GET 200 https://registry.npmjs.org/@types%2fbabel__template 164ms (cache miss)
203 silly packumentCache full:https://registry.npmjs.org/@types%2fbabel__template set size:undefined disposed:false
204 http fetch GET 200 https://registry.npmjs.org/@babel%2ftypes 318ms (cache miss)
205 silly packumentCache full:https://registry.npmjs.org/@babel%2ftypes set size:undefined disposed:false
206 http fetch GET 200 https://registry.npmjs.org/@types%2fbabel__traverse 179ms (cache miss)
207 silly packumentCache full:https://registry.npmjs.org/@types%2fbabel__traverse set size:undefined disposed:false
208 http fetch GET 200 https://registry.npmjs.org/@types%2fbabel__generator 173ms (cache miss)
209 silly packumentCache full:https://registry.npmjs.org/@types%2fbabel__generator set size:undefined disposed:false
210 http fetch GET 200 https://registry.npmjs.org/@babel%2fhelper-compilation-targets 516ms (cache miss)
211 silly packumentCache full:https://registry.npmjs.org/@babel%2fhelper-compilation-targets set size:undefined disposed:false
212 http fetch GET 200 https://registry.npmjs.org/@babel%2fparser 353ms (cache miss)
213 silly packumentCache full:https://registry.npmjs.org/@babel%2fparser set size:undefined disposed:false
214 http fetch GET 200 https://registry.npmjs.org/@babel%2fgenerator 798ms (cache miss)
215 silly packumentCache full:https://registry.npmjs.org/@babel%2fgenerator set size:undefined disposed:false
216 silly fetch manifest @babel/core@^7.0.0
217 silly packumentCache full:https://registry.npmjs.org/@babel%2fcore cache-miss
218 http cache https://registry.npmjs.org/@babel%2fcore 13ms (cache hit)
219 silly packumentCache full:https://registry.npmjs.org/@babel%2fcore set size:760113 disposed:false
220 silly placeDep ROOT @babel/code-frame@7.29.0 OK for: @babel/core@7.29.0 want: ^7.29.0
221 silly placeDep ROOT @babel/generator@7.29.1 OK for: @babel/core@7.29.0 want: ^7.29.0
222 silly placeDep ROOT @babel/helper-compilation-targets@7.28.6 OK for: @babel/core@7.29.0 want: ^7.28.6
223 silly placeDep ROOT @babel/helper-module-transforms@7.28.6 OK for: @babel/core@7.29.0 want: ^7.28.6
224 silly placeDep ROOT @babel/helpers@7.29.2 OK for: @babel/core@7.29.0 want: ^7.28.6
225 silly placeDep ROOT @babel/parser@7.29.2 OK for: @babel/core@7.29.0 want: ^7.29.0
226 silly placeDep ROOT @babel/template@7.28.6 OK for: @babel/core@7.29.0 want: ^7.28.6
227 silly placeDep ROOT @babel/traverse@7.29.0 OK for: @babel/core@7.29.0 want: ^7.29.0
228 silly placeDep ROOT @babel/types@7.29.0 OK for: @babel/core@7.29.0 want: ^7.29.0
229 silly placeDep ROOT @jridgewell/remapping@2.3.5 OK for: @babel/core@7.29.0 want: ^2.3.5
230 silly placeDep ROOT convert-source-map@2.0.0 OK for: @babel/core@7.29.0 want: ^2.0.0
231 silly placeDep ROOT debug@4.4.3 OK for: @babel/core@7.29.0 want: ^4.1.0
232 silly placeDep ROOT gensync@1.0.0-beta.2 OK for: @babel/core@7.29.0 want: ^1.0.0-beta.2
233 silly placeDep ROOT json5@2.2.3 OK for: @babel/core@7.29.0 want: ^2.2.3
234 silly placeDep ROOT semver@6.3.1 OK for: @babel/core@7.29.0 want: ^6.3.1
235 silly fetch manifest js-tokens@^4.0.0
236 silly packumentCache full:https://registry.npmjs.org/js-tokens cache-miss
237 silly fetch manifest picocolors@^1.1.1
238 silly packumentCache full:https://registry.npmjs.org/picocolors cache-miss
239 silly fetch manifest @babel/helper-validator-identifier@^7.28.5
240 silly packumentCache full:https://registry.npmjs.org/@babel%2fhelper-validator-identifier cache-miss
241 silly fetch manifest jsesc@^3.0.2
242 silly packumentCache full:https://registry.npmjs.org/jsesc cache-miss
243 silly fetch manifest @jridgewell/gen-mapping@^0.3.12
244 silly packumentCache full:https://registry.npmjs.org/@jridgewell%2fgen-mapping cache-miss
245 silly fetch manifest @jridgewell/trace-mapping@^0.3.28
246 silly packumentCache full:https://registry.npmjs.org/@jridgewell%2ftrace-mapping cache-miss
247 silly fetch manifest lru-cache@^5.1.1
248 silly packumentCache full:https://registry.npmjs.org/lru-cache cache-miss
249 silly fetch manifest browserslist@^4.24.0
250 silly packumentCache full:https://registry.npmjs.org/browserslist cache-miss
251 silly fetch manifest @babel/compat-data@^7.28.6
252 silly packumentCache full:https://registry.npmjs.org/@babel%2fcompat-data cache-miss
253 silly fetch manifest @babel/helper-validator-option@^7.27.1
254 silly packumentCache full:https://registry.npmjs.org/@babel%2fhelper-validator-option cache-miss
255 silly fetch manifest @babel/traverse@^7.28.6
256 silly packumentCache full:https://registry.npmjs.org/@babel%2ftraverse cache-miss
257 http cache https://registry.npmjs.org/@babel%2ftraverse 23ms (cache hit)
258 silly packumentCache full:https://registry.npmjs.org/@babel%2ftraverse set size:548722 disposed:false
259 silly fetch manifest @babel/helper-module-imports@^7.28.6
260 silly packumentCache full:https://registry.npmjs.org/@babel%2fhelper-module-imports cache-miss
261 http fetch GET 200 https://registry.npmjs.org/picocolors 53ms (cache miss)
262 silly packumentCache full:https://registry.npmjs.org/picocolors set size:undefined disposed:false
263 silly fetch manifest @babel/helper-validator-identifier@^7.28.5
264 silly packumentCache full:https://registry.npmjs.org/@babel%2fhelper-validator-identifier cache-miss
265 http fetch GET 200 https://registry.npmjs.org/js-tokens 57ms (cache miss)
266 silly packumentCache full:https://registry.npmjs.org/js-tokens set size:undefined disposed:false
267 silly fetch manifest @babel/types@^7.28.6
268 silly packumentCache full:https://registry.npmjs.org/@babel%2ftypes cache-miss
269 http cache https://registry.npmjs.org/@babel%2ftypes 16ms (cache hit)
270 silly packumentCache full:https://registry.npmjs.org/@babel%2ftypes set size:487885 disposed:false
271 silly fetch manifest debug@^4.3.1
272 silly packumentCache full:https://registry.npmjs.org/debug cache-miss
273 http cache https://registry.npmjs.org/debug 7ms (cache hit)
274 silly packumentCache full:https://registry.npmjs.org/debug set size:195840 disposed:false
275 silly fetch manifest @babel/helper-globals@^7.28.0
276 silly packumentCache full:https://registry.npmjs.org/@babel%2fhelper-globals cache-miss
277 http fetch GET 200 https://registry.npmjs.org/@babel%2fhelper-validator-option 154ms (cache miss)
278 silly packumentCache full:https://registry.npmjs.org/@babel%2fhelper-validator-option set size:undefined disposed:false
279 silly fetch manifest @babel/helper-string-parser@^7.27.1
280 silly packumentCache full:https://registry.npmjs.org/@babel%2fhelper-string-parser cache-miss
281 http fetch GET 200 https://registry.npmjs.org/@babel%2fhelper-module-imports 151ms (cache miss)
282 silly packumentCache full:https://registry.npmjs.org/@babel%2fhelper-module-imports set size:undefined disposed:false
283 silly fetch manifest @babel/helper-validator-identifier@^7.28.5
284 silly packumentCache full:https://registry.npmjs.org/@babel%2fhelper-validator-identifier cache-miss
285 http fetch GET 200 https://registry.npmjs.org/@babel%2fhelper-validator-identifier 202ms (cache miss)
286 silly packumentCache full:https://registry.npmjs.org/@babel%2fhelper-validator-identifier set size:undefined disposed:false
287 silly fetch manifest @jridgewell/gen-mapping@^0.3.5
288 silly packumentCache full:https://registry.npmjs.org/@jridgewell%2fgen-mapping cache-miss
289 http fetch GET 200 https://registry.npmjs.org/@babel%2fhelper-globals 124ms (cache miss)
290 silly packumentCache full:https://registry.npmjs.org/@babel%2fhelper-globals set size:undefined disposed:false
291 silly fetch manifest @jridgewell/trace-mapping@^0.3.24
292 silly packumentCache full:https://registry.npmjs.org/@jridgewell%2ftrace-mapping cache-miss
293 http fetch GET 200 https://registry.npmjs.org/browserslist 215ms (cache miss)
294 silly packumentCache full:https://registry.npmjs.org/browserslist set size:undefined disposed:false
295 silly fetch manifest ms@^2.1.3
296 silly packumentCache full:https://registry.npmjs.org/ms cache-miss
297 http fetch GET 200 https://registry.npmjs.org/@babel%2fhelper-validator-identifier 179ms (cache miss)
298 silly packumentCache full:https://registry.npmjs.org/@babel%2fhelper-validator-identifier set size:undefined disposed:false
299 http fetch GET 200 https://registry.npmjs.org/@babel%2fhelper-string-parser 82ms (cache miss)
300 silly packumentCache full:https://registry.npmjs.org/@babel%2fhelper-string-parser set size:undefined disposed:false
301 http fetch GET 200 https://registry.npmjs.org/@babel%2fcompat-data 243ms (cache miss)
302 silly packumentCache full:https://registry.npmjs.org/@babel%2fcompat-data set size:undefined disposed:false
303 http fetch GET 200 https://registry.npmjs.org/@babel%2fhelper-validator-identifier 92ms (cache miss)
304 silly packumentCache full:https://registry.npmjs.org/@babel%2fhelper-validator-identifier set size:undefined disposed:false
305 http fetch GET 200 https://registry.npmjs.org/@jridgewell%2ftrace-mapping 84ms (cache miss)
306 silly packumentCache full:https://registry.npmjs.org/@jridgewell%2ftrace-mapping set size:undefined disposed:false
307 http fetch GET 200 https://registry.npmjs.org/ms 104ms (cache miss)
308 silly packumentCache full:https://registry.npmjs.org/ms set size:undefined disposed:false
309 http fetch GET 200 https://registry.npmjs.org/lru-cache 328ms (cache miss)
310 silly packumentCache full:https://registry.npmjs.org/lru-cache set size:undefined disposed:false
311 http fetch GET 200 https://registry.npmjs.org/@jridgewell%2fgen-mapping 252ms (cache miss)
312 silly packumentCache full:https://registry.npmjs.org/@jridgewell%2fgen-mapping set size:undefined disposed:false
313 http fetch GET 200 https://registry.npmjs.org/@jridgewell%2fgen-mapping 614ms (cache miss)
314 silly packumentCache full:https://registry.npmjs.org/@jridgewell%2fgen-mapping set size:undefined disposed:false
315 http fetch GET 200 https://registry.npmjs.org/jsesc 1150ms (cache miss)
316 silly packumentCache full:https://registry.npmjs.org/jsesc set size:undefined disposed:false
317 http fetch GET 200 https://registry.npmjs.org/@jridgewell%2ftrace-mapping 1239ms (cache miss)
318 silly packumentCache full:https://registry.npmjs.org/@jridgewell%2ftrace-mapping set size:undefined disposed:false
319 silly placeDep ROOT @babel/helper-validator-identifier@7.28.5 OK for: @babel/code-frame@7.29.0 want: ^7.28.5
320 silly placeDep ROOT js-tokens@4.0.0 OK for: @babel/code-frame@7.29.0 want: ^4.0.0
321 silly placeDep ROOT picocolors@1.1.1 OK for: @babel/code-frame@7.29.0 want: ^1.1.1
322 silly placeDep ROOT @jridgewell/gen-mapping@0.3.13 OK for: @babel/generator@7.29.1 want: ^0.3.12
323 silly placeDep ROOT @jridgewell/trace-mapping@0.3.31 OK for: @babel/generator@7.29.1 want: ^0.3.28
324 silly placeDep ROOT jsesc@3.1.0 OK for: @babel/generator@7.29.1 want: ^3.0.2
325 silly fetch manifest @jridgewell/sourcemap-codec@^1.5.0
326 silly packumentCache full:https://registry.npmjs.org/@jridgewell%2fsourcemap-codec cache-miss
327 silly fetch manifest @jridgewell/resolve-uri@^3.1.0
328 silly packumentCache full:https://registry.npmjs.org/@jridgewell%2fresolve-uri cache-miss
329 silly fetch manifest @jridgewell/sourcemap-codec@^1.4.14
330 silly packumentCache full:https://registry.npmjs.org/@jridgewell%2fsourcemap-codec cache-miss
331 http fetch GET 200 https://registry.npmjs.org/@jridgewell%2fsourcemap-codec 79ms (cache miss)
332 silly packumentCache full:https://registry.npmjs.org/@jridgewell%2fsourcemap-codec set size:undefined disposed:false
333 http fetch GET 200 https://registry.npmjs.org/@jridgewell%2fsourcemap-codec 80ms (cache miss)
334 silly packumentCache full:https://registry.npmjs.org/@jridgewell%2fsourcemap-codec set size:undefined disposed:false
335 http fetch GET 200 https://registry.npmjs.org/@jridgewell%2fresolve-uri 392ms (cache miss)
336 silly packumentCache full:https://registry.npmjs.org/@jridgewell%2fresolve-uri set size:undefined disposed:false
337 silly placeDep ROOT @babel/compat-data@7.29.0 OK for: @babel/helper-compilation-targets@7.28.6 want: ^7.28.6
338 silly placeDep ROOT @babel/helper-validator-option@7.27.1 OK for: @babel/helper-compilation-targets@7.28.6 want: ^7.27.1
339 silly placeDep ROOT browserslist@4.28.2 OK for: @babel/helper-compilation-targets@7.28.6 want: ^4.24.0
340 silly placeDep ROOT lru-cache@5.1.1 OK for: @babel/helper-compilation-targets@7.28.6 want: ^5.1.1
341 silly fetch manifest baseline-browser-mapping@^2.10.12
342 silly packumentCache full:https://registry.npmjs.org/baseline-browser-mapping cache-miss
343 silly fetch manifest caniuse-lite@^1.0.30001782
344 silly packumentCache full:https://registry.npmjs.org/caniuse-lite cache-miss
345 silly fetch manifest electron-to-chromium@^1.5.328
346 silly packumentCache full:https://registry.npmjs.org/electron-to-chromium cache-miss
347 silly fetch manifest node-releases@^2.0.36
348 silly packumentCache full:https://registry.npmjs.org/node-releases cache-miss
349 silly fetch manifest update-browserslist-db@^1.2.3
350 silly packumentCache full:https://registry.npmjs.org/update-browserslist-db cache-miss
351 silly fetch manifest yallist@^3.0.2
352 silly packumentCache full:https://registry.npmjs.org/yallist cache-miss
353 http fetch GET 200 https://registry.npmjs.org/yallist 40ms (cache miss)
354 silly packumentCache full:https://registry.npmjs.org/yallist set size:undefined disposed:false
355 http fetch GET 200 https://registry.npmjs.org/update-browserslist-db 102ms (cache miss)
356 silly packumentCache full:https://registry.npmjs.org/update-browserslist-db set size:undefined disposed:false
357 http fetch GET 200 https://registry.npmjs.org/baseline-browser-mapping 206ms (cache miss)
358 silly packumentCache full:https://registry.npmjs.org/baseline-browser-mapping set size:undefined disposed:false
359 http fetch GET 200 https://registry.npmjs.org/node-releases 230ms (cache miss)
360 silly packumentCache full:https://registry.npmjs.org/node-releases set size:undefined disposed:false
361 http fetch GET 200 https://registry.npmjs.org/caniuse-lite 466ms (cache miss)
362 silly packumentCache full:https://registry.npmjs.org/caniuse-lite set size:undefined disposed:false
363 http fetch GET 200 https://registry.npmjs.org/electron-to-chromium 1526ms (cache miss)
364 silly packumentCache full:https://registry.npmjs.org/electron-to-chromium set size:undefined disposed:false
365 silly placeDep ROOT @babel/helper-module-imports@7.28.6 OK for: @babel/helper-module-transforms@7.28.6 want: ^7.28.6
366 silly placeDep ROOT @babel/helper-plugin-utils@7.28.6 OK for: @babel/plugin-transform-react-jsx-self@7.27.1 want: ^7.27.1
367 silly placeDep ROOT @babel/helper-globals@7.28.0 OK for: @babel/traverse@7.29.0 want: ^7.28.0
368 silly placeDep ROOT @babel/helper-string-parser@7.27.1 OK for: @babel/types@7.29.0 want: ^7.27.1
369 silly placeDep ROOT @jridgewell/sourcemap-codec@1.5.5 OK for: @jridgewell/gen-mapping@0.3.13 want: ^1.5.0
370 silly placeDep ROOT @jridgewell/resolve-uri@3.1.2 OK for: @jridgewell/trace-mapping@0.3.31 want: ^3.1.0
371 silly placeDep ROOT @types/babel__generator@7.27.0 OK for: @types/babel__core@7.20.5 want: *
372 silly placeDep ROOT @types/babel__template@7.4.4 OK for: @types/babel__core@7.20.5 want: *
373 silly placeDep ROOT @types/babel__traverse@7.28.0 OK for: @types/babel__core@7.20.5 want: *
374 silly fetch manifest browserslist@>= 4.21.0
375 silly packumentCache full:https://registry.npmjs.org/browserslist cache-miss
376 http cache https://registry.npmjs.org/browserslist 16ms (cache hit)
377 silly packumentCache full:https://registry.npmjs.org/browserslist set size:504681 disposed:false
378 silly placeDep ROOT baseline-browser-mapping@2.10.20 OK for: browserslist@4.28.2 want: ^2.10.12
379 silly placeDep ROOT caniuse-lite@1.0.30001788 OK for: browserslist@4.28.2 want: ^1.0.30001782
380 silly placeDep ROOT electron-to-chromium@1.5.340 OK for: browserslist@4.28.2 want: ^1.5.328
381 silly placeDep ROOT node-releases@2.0.37 OK for: browserslist@4.28.2 want: ^2.0.36
382 silly placeDep ROOT update-browserslist-db@1.2.3 OK for: browserslist@4.28.2 want: ^1.2.3
383 silly fetch manifest escalade@^3.2.0
384 silly packumentCache full:https://registry.npmjs.org/escalade cache-miss
385 http fetch GET 200 https://registry.npmjs.org/escalade 38ms (cache miss)
386 silly packumentCache full:https://registry.npmjs.org/escalade set size:undefined disposed:false
387 silly placeDep ROOT ms@2.1.3 OK for: debug@4.4.3 want: ^2.1.3
388 silly placeDep ROOT yallist@3.1.1 OK for: lru-cache@5.1.1 want: ^3.0.2
389 silly placeDep ROOT loose-envify@1.4.0 OK for: react@18.3.1 want: ^1.1.0
390 silly placeDep ROOT scheduler@0.23.2 OK for: react-dom@18.3.1 want: ^0.23.2
391 silly placeDep ROOT escalade@3.2.0 OK for: update-browserslist-db@1.2.3 want: ^3.2.0
392 silly placeDep ROOT esbuild@0.21.5 OK for: vite@5.4.21 want: ^0.21.3
393 silly placeDep ROOT fsevents@2.3.3 OK for: vite@5.4.21 want: ~2.3.3
394 silly placeDep ROOT postcss@8.5.10 OK for: vite@5.4.21 want: ^8.4.43
395 silly placeDep ROOT rollup@4.60.2 OK for: vite@5.4.21 want: ^4.20.0
396 silly fetch manifest @esbuild/aix-ppc64@0.21.5
397 silly packumentCache full:https://registry.npmjs.org/@esbuild%2faix-ppc64 cache-miss
398 silly fetch manifest @esbuild/linux-arm@0.21.5
399 silly packumentCache full:https://registry.npmjs.org/@esbuild%2flinux-arm cache-miss
400 silly fetch manifest @esbuild/linux-x64@0.21.5
401 silly packumentCache full:https://registry.npmjs.org/@esbuild%2flinux-x64 cache-miss
402 silly fetch manifest @esbuild/sunos-x64@0.21.5
403 silly packumentCache full:https://registry.npmjs.org/@esbuild%2fsunos-x64 cache-miss
404 silly fetch manifest @esbuild/win32-x64@0.21.5
405 silly packumentCache full:https://registry.npmjs.org/@esbuild%2fwin32-x64 cache-miss
406 silly fetch manifest @esbuild/darwin-x64@0.21.5
407 silly packumentCache full:https://registry.npmjs.org/@esbuild%2fdarwin-x64 cache-miss
408 silly fetch manifest @esbuild/linux-ia32@0.21.5
409 silly packumentCache full:https://registry.npmjs.org/@esbuild%2flinux-ia32 cache-miss
410 silly fetch manifest @esbuild/netbsd-x64@0.21.5
411 silly packumentCache full:https://registry.npmjs.org/@esbuild%2fnetbsd-x64 cache-miss
412 silly fetch manifest @esbuild/win32-ia32@0.21.5
413 silly packumentCache full:https://registry.npmjs.org/@esbuild%2fwin32-ia32 cache-miss
414 silly fetch manifest @esbuild/android-arm@0.21.5
415 silly packumentCache full:https://registry.npmjs.org/@esbuild%2fandroid-arm cache-miss
416 silly fetch manifest @esbuild/android-x64@0.21.5
417 silly packumentCache full:https://registry.npmjs.org/@esbuild%2fandroid-x64 cache-miss
418 http fetch GET 200 https://registry.npmjs.org/@esbuild%2faix-ppc64 61ms (cache miss)
419 silly packumentCache full:https://registry.npmjs.org/@esbuild%2faix-ppc64 set size:undefined disposed:false
420 silly fetch manifest @esbuild/freebsd-x64@0.21.5
421 silly packumentCache full:https://registry.npmjs.org/@esbuild%2ffreebsd-x64 cache-miss
422 http fetch GET 200 https://registry.npmjs.org/@esbuild%2flinux-arm 112ms (cache miss)
423 silly packumentCache full:https://registry.npmjs.org/@esbuild%2flinux-arm set size:undefined disposed:false
424 silly fetch manifest @esbuild/linux-arm64@0.21.5
425 silly packumentCache full:https://registry.npmjs.org/@esbuild%2flinux-arm64 cache-miss
426 http fetch GET 200 https://registry.npmjs.org/@esbuild%2flinux-x64 258ms (cache miss)
427 silly packumentCache full:https://registry.npmjs.org/@esbuild%2flinux-x64 set size:undefined disposed:false
428 silly fetch manifest @esbuild/linux-ppc64@0.21.5
429 silly packumentCache full:https://registry.npmjs.org/@esbuild%2flinux-ppc64 cache-miss
430 http fetch GET 200 https://registry.npmjs.org/@esbuild%2fsunos-x64 341ms (cache miss)
431 silly packumentCache full:https://registry.npmjs.org/@esbuild%2fsunos-x64 set size:undefined disposed:false
432 silly fetch manifest @esbuild/linux-s390x@0.21.5
433 silly packumentCache full:https://registry.npmjs.org/@esbuild%2flinux-s390x cache-miss
434 http fetch GET 200 https://registry.npmjs.org/@esbuild%2fnetbsd-x64 347ms (cache miss)
435 silly packumentCache full:https://registry.npmjs.org/@esbuild%2fnetbsd-x64 set size:undefined disposed:false
436 silly fetch manifest @esbuild/openbsd-x64@0.21.5
437 silly packumentCache full:https://registry.npmjs.org/@esbuild%2fopenbsd-x64 cache-miss
438 http fetch GET 200 https://registry.npmjs.org/@esbuild%2fdarwin-x64 357ms (cache miss)
439 silly packumentCache full:https://registry.npmjs.org/@esbuild%2fdarwin-x64 set size:undefined disposed:false
440 silly fetch manifest @esbuild/win32-arm64@0.21.5
441 silly packumentCache full:https://registry.npmjs.org/@esbuild%2fwin32-arm64 cache-miss
442 http fetch GET 200 https://registry.npmjs.org/@esbuild%2flinux-ia32 364ms (cache miss)
443 silly packumentCache full:https://registry.npmjs.org/@esbuild%2flinux-ia32 set size:undefined disposed:false
444 silly fetch manifest @esbuild/darwin-arm64@0.21.5
445 silly packumentCache full:https://registry.npmjs.org/@esbuild%2fdarwin-arm64 cache-miss
446 http fetch GET 200 https://registry.npmjs.org/@esbuild%2fwin32-ia32 368ms (cache miss)
447 silly packumentCache full:https://registry.npmjs.org/@esbuild%2fwin32-ia32 set size:undefined disposed:false
448 silly fetch manifest @esbuild/android-arm64@0.21.5
449 silly packumentCache full:https://registry.npmjs.org/@esbuild%2fandroid-arm64 cache-miss
450 http fetch GET 200 https://registry.npmjs.org/@esbuild%2fandroid-arm 375ms (cache miss)
451 silly packumentCache full:https://registry.npmjs.org/@esbuild%2fandroid-arm set size:undefined disposed:false
452 silly fetch manifest @esbuild/freebsd-arm64@0.21.5
453 silly packumentCache full:https://registry.npmjs.org/@esbuild%2ffreebsd-arm64 cache-miss
454 http fetch GET 200 https://registry.npmjs.org/@esbuild%2ffreebsd-x64 321ms (cache miss)
455 silly packumentCache full:https://registry.npmjs.org/@esbuild%2ffreebsd-x64 set size:undefined disposed:false
456 silly fetch manifest @esbuild/linux-loong64@0.21.5
457 silly packumentCache full:https://registry.npmjs.org/@esbuild%2flinux-loong64 cache-miss
458 http fetch GET 200 https://registry.npmjs.org/@esbuild%2fandroid-x64 396ms (cache miss)
459 silly packumentCache full:https://registry.npmjs.org/@esbuild%2fandroid-x64 set size:undefined disposed:false
460 silly fetch manifest @esbuild/linux-riscv64@0.21.5
461 silly packumentCache full:https://registry.npmjs.org/@esbuild%2flinux-riscv64 cache-miss
462 http fetch GET 200 https://registry.npmjs.org/@esbuild%2flinux-arm64 294ms (cache miss)
463 silly packumentCache full:https://registry.npmjs.org/@esbuild%2flinux-arm64 set size:undefined disposed:false
464 silly fetch manifest @esbuild/linux-mips64el@0.21.5
465 silly packumentCache full:https://registry.npmjs.org/@esbuild%2flinux-mips64el cache-miss
466 http fetch GET 200 https://registry.npmjs.org/@esbuild%2flinux-ppc64 153ms (cache miss)
467 silly packumentCache full:https://registry.npmjs.org/@esbuild%2flinux-ppc64 set size:undefined disposed:false
468 silly fetch manifest nanoid@^3.3.11
469 silly packumentCache full:https://registry.npmjs.org/nanoid cache-miss
470 http fetch GET 200 https://registry.npmjs.org/@esbuild%2fopenbsd-x64 142ms (cache miss)
471 silly packumentCache full:https://registry.npmjs.org/@esbuild%2fopenbsd-x64 set size:undefined disposed:false
472 silly fetch manifest source-map-js@^1.2.1
473 silly packumentCache full:https://registry.npmjs.org/source-map-js cache-miss
474 http fetch GET 200 https://registry.npmjs.org/@esbuild%2flinux-riscv64 188ms (cache miss)
475 silly packumentCache full:https://registry.npmjs.org/@esbuild%2flinux-riscv64 set size:undefined disposed:false
476 silly fetch manifest @types/estree@1.0.8
477 silly packumentCache full:https://registry.npmjs.org/@types%2festree cache-miss
478 http fetch GET 200 https://registry.npmjs.org/@esbuild%2flinux-s390x 320ms (cache miss)
479 silly packumentCache full:https://registry.npmjs.org/@esbuild%2flinux-s390x set size:undefined disposed:false
480 silly fetch manifest @rollup/rollup-darwin-arm64@4.60.2
481 silly packumentCache full:https://registry.npmjs.org/@rollup%2frollup-darwin-arm64 cache-miss
482 http fetch GET 200 https://registry.npmjs.org/@esbuild%2ffreebsd-arm64 287ms (cache miss)
483 silly packumentCache full:https://registry.npmjs.org/@esbuild%2ffreebsd-arm64 set size:undefined disposed:false
484 silly fetch manifest @rollup/rollup-android-arm64@4.60.2
485 silly packumentCache full:https://registry.npmjs.org/@rollup%2frollup-android-arm64 cache-miss
486 http fetch GET 200 https://registry.npmjs.org/@esbuild%2flinux-loong64 291ms (cache miss)
487 silly packumentCache full:https://registry.npmjs.org/@esbuild%2flinux-loong64 set size:undefined disposed:false
488 silly fetch manifest @rollup/rollup-win32-arm64-msvc@4.60.2
489 silly packumentCache full:https://registry.npmjs.org/@rollup%2frollup-win32-arm64-msvc cache-miss
490 http fetch GET 200 https://registry.npmjs.org/@esbuild%2flinux-mips64el 290ms (cache miss)
491 silly packumentCache full:https://registry.npmjs.org/@esbuild%2flinux-mips64el set size:undefined disposed:false
492 silly fetch manifest @rollup/rollup-freebsd-arm64@4.60.2
493 silly packumentCache full:https://registry.npmjs.org/@rollup%2frollup-freebsd-arm64 cache-miss
494 http fetch GET 200 https://registry.npmjs.org/nanoid 302ms (cache miss)
495 silly packumentCache full:https://registry.npmjs.org/nanoid set size:undefined disposed:false
496 silly fetch manifest @rollup/rollup-linux-arm64-gnu@4.60.2
497 silly packumentCache full:https://registry.npmjs.org/@rollup%2frollup-linux-arm64-gnu cache-miss
498 http fetch GET 200 https://registry.npmjs.org/@esbuild%2fwin32-arm64 367ms (cache miss)
499 silly packumentCache full:https://registry.npmjs.org/@esbuild%2fwin32-arm64 set size:undefined disposed:false
500 silly fetch manifest @rollup/rollup-linux-arm64-musl@4.60.2
501 silly packumentCache full:https://registry.npmjs.org/@rollup%2frollup-linux-arm64-musl cache-miss
502 http fetch GET 200 https://registry.npmjs.org/@esbuild%2fwin32-x64 737ms (cache miss)
503 silly packumentCache full:https://registry.npmjs.org/@esbuild%2fwin32-x64 set size:undefined disposed:false
504 silly fetch manifest @rollup/rollup-android-arm-eabi@4.60.2
505 silly packumentCache full:https://registry.npmjs.org/@rollup%2frollup-android-arm-eabi cache-miss
506 http fetch GET 200 https://registry.npmjs.org/source-map-js 251ms (cache miss)
507 silly packumentCache full:https://registry.npmjs.org/source-map-js set size:undefined disposed:false
508 silly fetch manifest @rollup/rollup-linux-arm-gnueabihf@4.60.2
509 silly packumentCache full:https://registry.npmjs.org/@rollup%2frollup-linux-arm-gnueabihf cache-miss
510 http fetch GET 200 https://registry.npmjs.org/@rollup%2frollup-win32-arm64-msvc 87ms (cache miss)
511 silly packumentCache full:https://registry.npmjs.org/@rollup%2frollup-win32-arm64-msvc set size:undefined disposed:false
512 silly fetch manifest @rollup/rollup-linux-arm-musleabihf@4.60.2
513 silly packumentCache full:https://registry.npmjs.org/@rollup%2frollup-linux-arm-musleabihf cache-miss
514 http fetch GET 200 https://registry.npmjs.org/@rollup%2frollup-android-arm64 256ms (cache miss)
515 silly packumentCache full:https://registry.npmjs.org/@rollup%2frollup-android-arm64 set size:undefined disposed:false
516 silly fetch manifest @rollup/rollup-win32-ia32-msvc@4.60.2
517 silly packumentCache full:https://registry.npmjs.org/@rollup%2frollup-win32-ia32-msvc cache-miss
518 http fetch GET 200 https://registry.npmjs.org/@rollup%2frollup-freebsd-arm64 344ms (cache miss)
519 silly packumentCache full:https://registry.npmjs.org/@rollup%2frollup-freebsd-arm64 set size:undefined disposed:false
520 silly fetch manifest @rollup/rollup-linux-loong64-gnu@4.60.2
521 silly packumentCache full:https://registry.npmjs.org/@rollup%2frollup-linux-loong64-gnu cache-miss
522 http fetch GET 200 https://registry.npmjs.org/@types%2festree 476ms (cache miss)
523 silly packumentCache full:https://registry.npmjs.org/@types%2festree set size:undefined disposed:false
524 silly fetch manifest @rollup/rollup-linux-loong64-musl@4.60.2
525 silly packumentCache full:https://registry.npmjs.org/@rollup%2frollup-linux-loong64-musl cache-miss
526 http fetch GET 200 https://registry.npmjs.org/@rollup%2frollup-linux-arm64-gnu 361ms (cache miss)
527 silly packumentCache full:https://registry.npmjs.org/@rollup%2frollup-linux-arm64-gnu set size:undefined disposed:false
528 silly fetch manifest @rollup/rollup-linux-riscv64-gnu@4.60.2
529 silly packumentCache full:https://registry.npmjs.org/@rollup%2frollup-linux-riscv64-gnu cache-miss
530 http fetch GET 200 https://registry.npmjs.org/@rollup%2frollup-darwin-arm64 433ms (cache miss)
531 silly packumentCache full:https://registry.npmjs.org/@rollup%2frollup-darwin-arm64 set size:undefined disposed:false
532 silly fetch manifest @rollup/rollup-linux-riscv64-musl@4.60.2
533 silly packumentCache full:https://registry.npmjs.org/@rollup%2frollup-linux-riscv64-musl cache-miss
534 http fetch GET 200 https://registry.npmjs.org/@rollup%2frollup-linux-arm64-musl 389ms (cache miss)
535 silly packumentCache full:https://registry.npmjs.org/@rollup%2frollup-linux-arm64-musl set size:undefined disposed:false
536 silly fetch manifest @rollup/rollup-linux-ppc64-gnu@4.60.2
537 silly packumentCache full:https://registry.npmjs.org/@rollup%2frollup-linux-ppc64-gnu cache-miss
538 http fetch GET 200 https://registry.npmjs.org/@rollup%2frollup-android-arm-eabi 398ms (cache miss)
539 silly packumentCache full:https://registry.npmjs.org/@rollup%2frollup-android-arm-eabi set size:undefined disposed:false
540 silly fetch manifest @rollup/rollup-linux-ppc64-musl@4.60.2
541 silly packumentCache full:https://registry.npmjs.org/@rollup%2frollup-linux-ppc64-musl cache-miss
542 http fetch GET 200 https://registry.npmjs.org/@rollup%2frollup-linux-arm-gnueabihf 406ms (cache miss)
543 silly packumentCache full:https://registry.npmjs.org/@rollup%2frollup-linux-arm-gnueabihf set size:undefined disposed:false
544 silly fetch manifest @rollup/rollup-linux-s390x-gnu@4.60.2
545 silly packumentCache full:https://registry.npmjs.org/@rollup%2frollup-linux-s390x-gnu cache-miss
546 http fetch GET 200 https://registry.npmjs.org/@rollup%2frollup-linux-loong64-gnu 132ms (cache miss)
547 silly packumentCache full:https://registry.npmjs.org/@rollup%2frollup-linux-loong64-gnu set size:undefined disposed:false
548 silly fetch manifest @rollup/rollup-darwin-x64@4.60.2
549 silly packumentCache full:https://registry.npmjs.org/@rollup%2frollup-darwin-x64 cache-miss
550 http fetch GET 200 https://registry.npmjs.org/@esbuild%2fandroid-arm64 824ms (cache miss)
551 silly packumentCache full:https://registry.npmjs.org/@esbuild%2fandroid-arm64 set size:undefined disposed:false
552 silly fetch manifest @rollup/rollup-win32-x64-gnu@4.60.2
553 silly packumentCache full:https://registry.npmjs.org/@rollup%2frollup-win32-x64-gnu cache-miss
554 http fetch GET 200 https://registry.npmjs.org/@rollup%2frollup-linux-arm-musleabihf 447ms (cache miss)
555 silly packumentCache full:https://registry.npmjs.org/@rollup%2frollup-linux-arm-musleabihf set size:undefined disposed:false
556 silly fetch manifest @rollup/rollup-win32-x64-msvc@4.60.2
557 silly packumentCache full:https://registry.npmjs.org/@rollup%2frollup-win32-x64-msvc cache-miss
558 http fetch GET 200 https://registry.npmjs.org/@rollup%2frollup-linux-riscv64-musl 131ms (cache miss)
559 silly packumentCache full:https://registry.npmjs.org/@rollup%2frollup-linux-riscv64-musl set size:undefined disposed:false
560 silly fetch manifest @rollup/rollup-freebsd-x64@4.60.2
561 silly packumentCache full:https://registry.npmjs.org/@rollup%2frollup-freebsd-x64 cache-miss
562 http fetch GET 200 https://registry.npmjs.org/@esbuild%2fdarwin-arm64 888ms (cache miss)
563 silly packumentCache full:https://registry.npmjs.org/@esbuild%2fdarwin-arm64 set size:undefined disposed:false
564 silly fetch manifest @rollup/rollup-linux-x64-gnu@4.60.2
565 silly packumentCache full:https://registry.npmjs.org/@rollup%2frollup-linux-x64-gnu cache-miss
566 http fetch GET 200 https://registry.npmjs.org/@rollup%2frollup-win32-ia32-msvc 332ms (cache miss)
567 silly packumentCache full:https://registry.npmjs.org/@rollup%2frollup-win32-ia32-msvc set size:undefined disposed:false
568 silly fetch manifest @rollup/rollup-linux-x64-musl@4.60.2
569 silly packumentCache full:https://registry.npmjs.org/@rollup%2frollup-linux-x64-musl cache-miss
570 http fetch GET 200 https://registry.npmjs.org/@rollup%2frollup-linux-ppc64-gnu 153ms (cache miss)
571 silly packumentCache full:https://registry.npmjs.org/@rollup%2frollup-linux-ppc64-gnu set size:undefined disposed:false
572 silly fetch manifest @rollup/rollup-openbsd-x64@4.60.2
573 silly packumentCache full:https://registry.npmjs.org/@rollup%2frollup-openbsd-x64 cache-miss
574 http fetch GET 200 https://registry.npmjs.org/@rollup%2frollup-linux-ppc64-musl 150ms (cache miss)
575 silly packumentCache full:https://registry.npmjs.org/@rollup%2frollup-linux-ppc64-musl set size:undefined disposed:false
576 silly fetch manifest @rollup/rollup-openharmony-arm64@4.60.2
577 silly packumentCache full:https://registry.npmjs.org/@rollup%2frollup-openharmony-arm64 cache-miss
578 http fetch GET 200 https://registry.npmjs.org/@rollup%2frollup-win32-x64-gnu 117ms (cache miss)
579 silly packumentCache full:https://registry.npmjs.org/@rollup%2frollup-win32-x64-gnu set size:undefined disposed:false
580 http fetch GET 200 https://registry.npmjs.org/@rollup%2frollup-linux-loong64-musl 283ms (cache miss)
581 silly packumentCache full:https://registry.npmjs.org/@rollup%2frollup-linux-loong64-musl set size:undefined disposed:false
582 http fetch GET 200 https://registry.npmjs.org/@rollup%2frollup-linux-riscv64-gnu 267ms (cache miss)
583 silly packumentCache full:https://registry.npmjs.org/@rollup%2frollup-linux-riscv64-gnu set size:undefined disposed:false
584 http fetch GET 200 https://registry.npmjs.org/@rollup%2frollup-freebsd-x64 149ms (cache miss)
585 silly packumentCache full:https://registry.npmjs.org/@rollup%2frollup-freebsd-x64 set size:undefined disposed:false
586 http fetch GET 200 https://registry.npmjs.org/@rollup%2frollup-openbsd-x64 116ms (cache miss)
587 silly packumentCache full:https://registry.npmjs.org/@rollup%2frollup-openbsd-x64 set size:undefined disposed:false
588 http fetch GET 200 https://registry.npmjs.org/@rollup%2frollup-linux-s390x-gnu 240ms (cache miss)
589 silly packumentCache full:https://registry.npmjs.org/@rollup%2frollup-linux-s390x-gnu set size:undefined disposed:false
590 http fetch GET 200 https://registry.npmjs.org/@rollup%2frollup-openharmony-arm64 130ms (cache miss)
591 silly packumentCache full:https://registry.npmjs.org/@rollup%2frollup-openharmony-arm64 set size:undefined disposed:false
592 http fetch GET 200 https://registry.npmjs.org/@rollup%2frollup-win32-x64-msvc 216ms (cache miss)
593 silly packumentCache full:https://registry.npmjs.org/@rollup%2frollup-win32-x64-msvc set size:undefined disposed:false
594 http fetch GET 200 https://registry.npmjs.org/@rollup%2frollup-linux-x64-musl 250ms (cache miss)
595 silly packumentCache full:https://registry.npmjs.org/@rollup%2frollup-linux-x64-musl set size:undefined disposed:false
596 http fetch GET 200 https://registry.npmjs.org/@rollup%2frollup-darwin-x64 338ms (cache miss)
597 silly packumentCache full:https://registry.npmjs.org/@rollup%2frollup-darwin-x64 set size:undefined disposed:false
598 http fetch GET 200 https://registry.npmjs.org/@rollup%2frollup-linux-x64-gnu 635ms (cache miss)
599 silly packumentCache full:https://registry.npmjs.org/@rollup%2frollup-linux-x64-gnu set size:undefined disposed:false
600 silly placeDep ROOT @esbuild/aix-ppc64@0.21.5 OK for: esbuild@0.21.5 want: 0.21.5
601 silly placeDep ROOT @esbuild/android-arm@0.21.5 OK for: esbuild@0.21.5 want: 0.21.5
602 silly placeDep ROOT @esbuild/android-arm64@0.21.5 OK for: esbuild@0.21.5 want: 0.21.5
603 silly placeDep ROOT @esbuild/android-x64@0.21.5 OK for: esbuild@0.21.5 want: 0.21.5
604 silly placeDep ROOT @esbuild/darwin-arm64@0.21.5 OK for: esbuild@0.21.5 want: 0.21.5
605 silly placeDep ROOT @esbuild/darwin-x64@0.21.5 OK for: esbuild@0.21.5 want: 0.21.5
606 silly placeDep ROOT @esbuild/freebsd-arm64@0.21.5 OK for: esbuild@0.21.5 want: 0.21.5
607 silly placeDep ROOT @esbuild/freebsd-x64@0.21.5 OK for: esbuild@0.21.5 want: 0.21.5
608 silly placeDep ROOT @esbuild/linux-arm@0.21.5 OK for: esbuild@0.21.5 want: 0.21.5
609 silly placeDep ROOT @esbuild/linux-arm64@0.21.5 OK for: esbuild@0.21.5 want: 0.21.5
610 silly placeDep ROOT @esbuild/linux-ia32@0.21.5 OK for: esbuild@0.21.5 want: 0.21.5
611 silly placeDep ROOT @esbuild/linux-loong64@0.21.5 OK for: esbuild@0.21.5 want: 0.21.5
612 silly placeDep ROOT @esbuild/linux-mips64el@0.21.5 OK for: esbuild@0.21.5 want: 0.21.5
613 silly placeDep ROOT @esbuild/linux-ppc64@0.21.5 OK for: esbuild@0.21.5 want: 0.21.5
614 silly placeDep ROOT @esbuild/linux-riscv64@0.21.5 OK for: esbuild@0.21.5 want: 0.21.5
615 silly placeDep ROOT @esbuild/linux-s390x@0.21.5 OK for: esbuild@0.21.5 want: 0.21.5
616 silly placeDep ROOT @esbuild/linux-x64@0.21.5 OK for: esbuild@0.21.5 want: 0.21.5
617 silly placeDep ROOT @esbuild/netbsd-x64@0.21.5 OK for: esbuild@0.21.5 want: 0.21.5
618 silly placeDep ROOT @esbuild/openbsd-x64@0.21.5 OK for: esbuild@0.21.5 want: 0.21.5
619 silly placeDep ROOT @esbuild/sunos-x64@0.21.5 OK for: esbuild@0.21.5 want: 0.21.5
620 silly placeDep ROOT @esbuild/win32-arm64@0.21.5 OK for: esbuild@0.21.5 want: 0.21.5
621 silly placeDep ROOT @esbuild/win32-ia32@0.21.5 OK for: esbuild@0.21.5 want: 0.21.5
622 silly placeDep ROOT @esbuild/win32-x64@0.21.5 OK for: esbuild@0.21.5 want: 0.21.5
623 silly placeDep ROOT nanoid@3.3.11 OK for: postcss@8.5.10 want: ^3.3.11
624 silly placeDep ROOT source-map-js@1.2.1 OK for: postcss@8.5.10 want: ^1.2.1
625 silly placeDep ROOT @rollup/rollup-android-arm-eabi@4.60.2 OK for: rollup@4.60.2 want: 4.60.2
626 silly placeDep ROOT @rollup/rollup-android-arm64@4.60.2 OK for: rollup@4.60.2 want: 4.60.2
627 silly placeDep ROOT @rollup/rollup-darwin-arm64@4.60.2 OK for: rollup@4.60.2 want: 4.60.2
628 silly placeDep ROOT @rollup/rollup-darwin-x64@4.60.2 OK for: rollup@4.60.2 want: 4.60.2
629 silly placeDep ROOT @rollup/rollup-freebsd-arm64@4.60.2 OK for: rollup@4.60.2 want: 4.60.2
630 silly placeDep ROOT @rollup/rollup-freebsd-x64@4.60.2 OK for: rollup@4.60.2 want: 4.60.2
631 silly placeDep ROOT @rollup/rollup-linux-arm-gnueabihf@4.60.2 OK for: rollup@4.60.2 want: 4.60.2
632 silly placeDep ROOT @rollup/rollup-linux-arm-musleabihf@4.60.2 OK for: rollup@4.60.2 want: 4.60.2
633 silly placeDep ROOT @rollup/rollup-linux-arm64-gnu@4.60.2 OK for: rollup@4.60.2 want: 4.60.2
634 silly placeDep ROOT @rollup/rollup-linux-arm64-musl@4.60.2 OK for: rollup@4.60.2 want: 4.60.2
635 silly placeDep ROOT @rollup/rollup-linux-loong64-gnu@4.60.2 OK for: rollup@4.60.2 want: 4.60.2
636 silly placeDep ROOT @rollup/rollup-linux-loong64-musl@4.60.2 OK for: rollup@4.60.2 want: 4.60.2
637 silly placeDep ROOT @rollup/rollup-linux-ppc64-gnu@4.60.2 OK for: rollup@4.60.2 want: 4.60.2
638 silly placeDep ROOT @rollup/rollup-linux-ppc64-musl@4.60.2 OK for: rollup@4.60.2 want: 4.60.2
639 silly placeDep ROOT @rollup/rollup-linux-riscv64-gnu@4.60.2 OK for: rollup@4.60.2 want: 4.60.2
640 silly placeDep ROOT @rollup/rollup-linux-riscv64-musl@4.60.2 OK for: rollup@4.60.2 want: 4.60.2
641 silly placeDep ROOT @rollup/rollup-linux-s390x-gnu@4.60.2 OK for: rollup@4.60.2 want: 4.60.2
642 silly placeDep ROOT @rollup/rollup-linux-x64-gnu@4.60.2 OK for: rollup@4.60.2 want: 4.60.2
643 silly placeDep ROOT @rollup/rollup-linux-x64-musl@4.60.2 OK for: rollup@4.60.2 want: 4.60.2
644 silly placeDep ROOT @rollup/rollup-openbsd-x64@4.60.2 OK for: rollup@4.60.2 want: 4.60.2
645 silly placeDep ROOT @rollup/rollup-openharmony-arm64@4.60.2 OK for: rollup@4.60.2 want: 4.60.2
646 silly placeDep ROOT @rollup/rollup-win32-arm64-msvc@4.60.2 OK for: rollup@4.60.2 want: 4.60.2
647 silly placeDep ROOT @rollup/rollup-win32-ia32-msvc@4.60.2 OK for: rollup@4.60.2 want: 4.60.2
648 silly placeDep ROOT @rollup/rollup-win32-x64-gnu@4.60.2 OK for: rollup@4.60.2 want: 4.60.2
649 silly placeDep ROOT @rollup/rollup-win32-x64-msvc@4.60.2 OK for: rollup@4.60.2 want: 4.60.2
650 silly placeDep ROOT @types/estree@1.0.8 OK for: rollup@4.60.2 want: 1.0.8
651 silly reify moves {}
652 silly audit bulk request {
652 silly audit   '@vitejs/plugin-react': [ '4.7.0' ],
652 silly audit   vite: [ '5.4.21' ],
652 silly audit   react: [ '18.3.1' ],
652 silly audit   'react-dom': [ '18.3.1' ],
652 silly audit   '@babel/core': [ '7.29.0' ],
652 silly audit   '@babel/plugin-transform-react-jsx-self': [ '7.27.1' ],
652 silly audit   '@babel/plugin-transform-react-jsx-source': [ '7.27.1' ],
652 silly audit   '@rolldown/pluginutils': [ '1.0.0-beta.27' ],
652 silly audit   '@types/babel__core': [ '7.20.5' ],
652 silly audit   'react-refresh': [ '0.17.0' ],
652 silly audit   '@babel/code-frame': [ '7.29.0' ],
652 silly audit   '@babel/generator': [ '7.29.1' ],
652 silly audit   '@babel/helper-compilation-targets': [ '7.28.6' ],
652 silly audit   '@babel/helper-module-transforms': [ '7.28.6' ],
652 silly audit   '@babel/helpers': [ '7.29.2' ],
652 silly audit   '@babel/parser': [ '7.29.2' ],
652 silly audit   '@babel/template': [ '7.28.6' ],
652 silly audit   '@babel/traverse': [ '7.29.0' ],
652 silly audit   '@babel/types': [ '7.29.0' ],
652 silly audit   '@jridgewell/remapping': [ '2.3.5' ],
652 silly audit   'convert-source-map': [ '2.0.0' ],
652 silly audit   debug: [ '4.4.3' ],
652 silly audit   gensync: [ '1.0.0-beta.2' ],
652 silly audit   json5: [ '2.2.3' ],
652 silly audit   semver: [ '6.3.1' ],
652 silly audit   '@babel/helper-validator-identifier': [ '7.28.5' ],
652 silly audit   'js-tokens': [ '4.0.0' ],
652 silly audit   picocolors: [ '1.1.1' ],
652 silly audit   '@jridgewell/gen-mapping': [ '0.3.13' ],
652 silly audit   '@jridgewell/trace-mapping': [ '0.3.31' ],
652 silly audit   jsesc: [ '3.1.0' ],
652 silly audit   '@babel/compat-data': [ '7.29.0' ],
652 silly audit   '@babel/helper-validator-option': [ '7.27.1' ],
652 silly audit   browserslist: [ '4.28.2' ],
652 silly audit   'lru-cache': [ '5.1.1' ],
652 silly audit   '@babel/helper-module-imports': [ '7.28.6' ],
652 silly audit   '@babel/helper-plugin-utils': [ '7.28.6' ],
652 silly audit   '@babel/helper-globals': [ '7.28.0' ],
652 silly audit   '@babel/helper-string-parser': [ '7.27.1' ],
652 silly audit   '@jridgewell/sourcemap-codec': [ '1.5.5' ],
652 silly audit   '@jridgewell/resolve-uri': [ '3.1.2' ],
652 silly audit   '@types/babel__generator': [ '7.27.0' ],
652 silly audit   '@types/babel__template': [ '7.4.4' ],
652 silly audit   '@types/babel__traverse': [ '7.28.0' ],
652 silly audit   'baseline-browser-mapping': [ '2.10.20' ],
652 silly audit   'caniuse-lite': [ '1.0.30001788' ],
652 silly audit   'electron-to-chromium': [ '1.5.340' ],
652 silly audit   'node-releases': [ '2.0.37' ],
652 silly audit   'update-browserslist-db': [ '1.2.3' ],
652 silly audit   ms: [ '2.1.3' ],
652 silly audit   yallist: [ '3.1.1' ],
652 silly audit   'loose-envify': [ '1.4.0' ],
652 silly audit   scheduler: [ '0.23.2' ],
652 silly audit   escalade: [ '3.2.0' ],
652 silly audit   esbuild: [ '0.21.5' ],
652 silly audit   fsevents: [ '2.3.3' ],
652 silly audit   postcss: [ '8.5.10' ],
652 silly audit   rollup: [ '4.60.2' ],
652 silly audit   '@esbuild/aix-ppc64': [ '0.21.5' ],
652 silly audit   '@esbuild/android-arm': [ '0.21.5' ],
652 silly audit   '@esbuild/android-arm64': [ '0.21.5' ],
652 silly audit   '@esbuild/android-x64': [ '0.21.5' ],
652 silly audit   '@esbuild/darwin-arm64': [ '0.21.5' ],
652 silly audit   '@esbuild/darwin-x64': [ '0.21.5' ],
652 silly audit   '@esbuild/freebsd-arm64': [ '0.21.5' ],
652 silly audit   '@esbuild/freebsd-x64': [ '0.21.5' ],
652 silly audit   '@esbuild/linux-arm': [ '0.21.5' ],
652 silly audit   '@esbuild/linux-arm64': [ '0.21.5' ],
652 silly audit   '@esbuild/linux-ia32': [ '0.21.5' ],
652 silly audit   '@esbuild/linux-loong64': [ '0.21.5' ],
652 silly audit   '@esbuild/linux-mips64el': [ '0.21.5' ],
652 silly audit   '@esbuild/linux-ppc64': [ '0.21.5' ],
652 silly audit   '@esbuild/linux-riscv64': [ '0.21.5' ],
652 silly audit   '@esbuild/linux-s390x': [ '0.21.5' ],
652 silly audit   '@esbuild/linux-x64': [ '0.21.5' ],
652 silly audit   '@esbuild/netbsd-x64': [ '0.21.5' ],
652 silly audit   '@esbuild/openbsd-x64': [ '0.21.5' ],
652 silly audit   '@esbuild/sunos-x64': [ '0.21.5' ],
652 silly audit   '@esbuild/win32-arm64': [ '0.21.5' ],
652 silly audit   '@esbuild/win32-ia32': [ '0.21.5' ],
652 silly audit   '@esbuild/win32-x64': [ '0.21.5' ],
652 silly audit   nanoid: [ '3.3.11' ],
652 silly audit   'source-map-js': [ '1.2.1' ],
652 silly audit   '@rollup/rollup-android-arm-eabi': [ '4.60.2' ],
652 silly audit   '@rollup/rollup-android-arm64': [ '4.60.2' ],
652 silly audit   '@rollup/rollup-darwin-arm64': [ '4.60.2' ],
652 silly audit   '@rollup/rollup-darwin-x64': [ '4.60.2' ],
652 silly audit   '@rollup/rollup-freebsd-arm64': [ '4.60.2' ],
652 silly audit   '@rollup/rollup-freebsd-x64': [ '4.60.2' ],
652 silly audit   '@rollup/rollup-linux-arm-gnueabihf': [ '4.60.2' ],
652 silly audit   '@rollup/rollup-linux-arm-musleabihf': [ '4.60.2' ],
652 silly audit   '@rollup/rollup-linux-arm64-gnu': [ '4.60.2' ],
652 silly audit   '@rollup/rollup-linux-arm64-musl': [ '4.60.2' ],
652 silly audit   '@rollup/rollup-linux-loong64-gnu': [ '4.60.2' ],
652 silly audit   '@rollup/rollup-linux-loong64-musl': [ '4.60.2' ],
652 silly audit   '@rollup/rollup-linux-ppc64-gnu': [ '4.60.2' ],
652 silly audit   '@rollup/rollup-linux-ppc64-musl': [ '4.60.2' ],
652 silly audit   '@rollup/rollup-linux-riscv64-gnu': [ '4.60.2' ],
652 silly audit   '@rollup/rollup-linux-riscv64-musl': [ '4.60.2' ],
652 silly audit   '@rollup/rollup-linux-s390x-gnu': [ '4.60.2' ],
652 silly audit   '@rollup/rollup-linux-x64-gnu': [ '4.60.2' ],
652 silly audit   '@rollup/rollup-linux-x64-musl': [ '4.60.2' ],
652 silly audit   '@rollup/rollup-openbsd-x64': [ '4.60.2' ],
652 silly audit   '@rollup/rollup-openharmony-arm64': [ '4.60.2' ],
652 silly audit   '@rollup/rollup-win32-arm64-msvc': [ '4.60.2' ],
652 silly audit   '@rollup/rollup-win32-ia32-msvc': [ '4.60.2' ],
652 silly audit   '@rollup/rollup-win32-x64-gnu': [ '4.60.2' ],
652 silly audit   '@rollup/rollup-win32-x64-msvc': [ '4.60.2' ],
652 silly audit   '@types/estree': [ '1.0.8' ]
652 silly audit }
653 http cache @types/estree@https://registry.npmjs.org/@types/estree/-/estree-1.0.8.tgz 1ms (cache hit)
654 http cache @rollup/rollup-win32-x64-gnu@https://registry.npmjs.org/@rollup/rollup-win32-x64-gnu/-/rollup-win32-x64-gnu-4.60.2.tgz 0ms (cache hit)
655 http cache @rollup/rollup-win32-x64-msvc@https://registry.npmjs.org/@rollup/rollup-win32-x64-msvc/-/rollup-win32-x64-msvc-4.60.2.tgz 0ms (cache hit)
656 http cache source-map-js@https://registry.npmjs.org/source-map-js/-/source-map-js-1.2.1.tgz 0ms (cache hit)
657 http cache @esbuild/win32-x64@https://registry.npmjs.org/@esbuild/win32-x64/-/win32-x64-0.21.5.tgz 0ms (cache hit)
658 http cache nanoid@https://registry.npmjs.org/nanoid/-/nanoid-3.3.11.tgz 0ms (cache hit)
659 http cache rollup@https://registry.npmjs.org/rollup/-/rollup-4.60.2.tgz 0ms (cache hit)
660 http cache esbuild@https://registry.npmjs.org/esbuild/-/esbuild-0.21.5.tgz 0ms (cache hit)
661 http cache postcss@https://registry.npmjs.org/postcss/-/postcss-8.5.10.tgz 0ms (cache hit)
662 http cache loose-envify@https://registry.npmjs.org/loose-envify/-/loose-envify-1.4.0.tgz 0ms (cache hit)
663 http cache escalade@https://registry.npmjs.org/escalade/-/escalade-3.2.0.tgz 0ms (cache hit)
664 http cache yallist@https://registry.npmjs.org/yallist/-/yallist-3.1.1.tgz 0ms (cache hit)
665 http cache ms@https://registry.npmjs.org/ms/-/ms-2.1.3.tgz 0ms (cache hit)
666 http cache update-browserslist-db@https://registry.npmjs.org/update-browserslist-db/-/update-browserslist-db-1.2.3.tgz 0ms (cache hit)
667 http cache scheduler@https://registry.npmjs.org/scheduler/-/scheduler-0.23.2.tgz 0ms (cache hit)
668 http cache node-releases@https://registry.npmjs.org/node-releases/-/node-releases-2.0.37.tgz 0ms (cache hit)
669 http cache electron-to-chromium@https://registry.npmjs.org/electron-to-chromium/-/electron-to-chromium-1.5.340.tgz 0ms (cache hit)
670 http cache baseline-browser-mapping@https://registry.npmjs.org/baseline-browser-mapping/-/baseline-browser-mapping-2.10.20.tgz 0ms (cache hit)
671 http cache caniuse-lite@https://registry.npmjs.org/caniuse-lite/-/caniuse-lite-1.0.30001788.tgz 0ms (cache hit)
672 http cache @jridgewell/resolve-uri@https://registry.npmjs.org/@jridgewell/resolve-uri/-/resolve-uri-3.1.2.tgz 0ms (cache hit)
673 http cache @babel/helper-globals@https://registry.npmjs.org/@babel/helper-globals/-/helper-globals-7.28.0.tgz 0ms (cache hit)
674 http cache @types/babel__generator@https://registry.npmjs.org/@types/babel__generator/-/babel__generator-7.27.0.tgz 0ms (cache hit)
675 http cache @types/babel__traverse@https://registry.npmjs.org/@types/babel__traverse/-/babel__traverse-7.28.0.tgz 0ms (cache hit)
676 http cache @types/babel__template@https://registry.npmjs.org/@types/babel__template/-/babel__template-7.4.4.tgz 0ms (cache hit)
677 http cache lru-cache@https://registry.npmjs.org/lru-cache/-/lru-cache-5.1.1.tgz 0ms (cache hit)
678 http cache @babel/helper-plugin-utils@https://registry.npmjs.org/@babel/helper-plugin-utils/-/helper-plugin-utils-7.28.6.tgz 0ms (cache hit)
679 http cache @babel/helper-module-imports@https://registry.npmjs.org/@babel/helper-module-imports/-/helper-module-imports-7.28.6.tgz 0ms (cache hit)
680 http cache @jridgewell/trace-mapping@https://registry.npmjs.org/@jridgewell/trace-mapping/-/trace-mapping-0.3.31.tgz 0ms (cache hit)
681 http cache browserslist@https://registry.npmjs.org/browserslist/-/browserslist-4.28.2.tgz 0ms (cache hit)
682 http cache @babel/helper-validator-option@https://registry.npmjs.org/@babel/helper-validator-option/-/helper-validator-option-7.27.1.tgz 0ms (cache hit)
683 http cache @babel/helper-string-parser@https://registry.npmjs.org/@babel/helper-string-parser/-/helper-string-parser-7.27.1.tgz 0ms (cache hit)
684 http cache jsesc@https://registry.npmjs.org/jsesc/-/jsesc-3.1.0.tgz 0ms (cache hit)
685 http cache @babel/compat-data@https://registry.npmjs.org/@babel/compat-data/-/compat-data-7.29.0.tgz 0ms (cache hit)
686 http cache js-tokens@https://registry.npmjs.org/js-tokens/-/js-tokens-4.0.0.tgz 0ms (cache hit)
687 http cache @babel/helper-validator-identifier@https://registry.npmjs.org/@babel/helper-validator-identifier/-/helper-validator-identifier-7.28.5.tgz 0ms (cache hit)
688 http cache @jridgewell/gen-mapping@https://registry.npmjs.org/@jridgewell/gen-mapping/-/gen-mapping-0.3.13.tgz 0ms (cache hit)
689 http cache @jridgewell/sourcemap-codec@https://registry.npmjs.org/@jridgewell/sourcemap-codec/-/sourcemap-codec-1.5.5.tgz 0ms (cache hit)
690 http cache picocolors@https://registry.npmjs.org/picocolors/-/picocolors-1.1.1.tgz 0ms (cache hit)
691 http cache semver@https://registry.npmjs.org/semver/-/semver-6.3.1.tgz 0ms (cache hit)
692 http cache @jridgewell/remapping@https://registry.npmjs.org/@jridgewell/remapping/-/remapping-2.3.5.tgz 0ms (cache hit)
693 http cache debug@https://registry.npmjs.org/debug/-/debug-4.4.3.tgz 0ms (cache hit)
694 http cache json5@https://registry.npmjs.org/json5/-/json5-2.2.3.tgz 0ms (cache hit)
695 http cache convert-source-map@https://registry.npmjs.org/convert-source-map/-/convert-source-map-2.0.0.tgz 0ms (cache hit)
696 http cache gensync@https://registry.npmjs.org/gensync/-/gensync-1.0.0-beta.2.tgz 0ms (cache hit)
697 http cache @babel/types@https://registry.npmjs.org/@babel/types/-/types-7.29.0.tgz 0ms (cache hit)
698 http cache @babel/traverse@https://registry.npmjs.org/@babel/traverse/-/traverse-7.29.0.tgz 0ms (cache hit)
699 http cache @babel/template@https://registry.npmjs.org/@babel/template/-/template-7.28.6.tgz 0ms (cache hit)
700 http cache @babel/helpers@https://registry.npmjs.org/@babel/helpers/-/helpers-7.29.2.tgz 0ms (cache hit)
701 http cache @babel/helper-module-transforms@https://registry.npmjs.org/@babel/helper-module-transforms/-/helper-module-transforms-7.28.6.tgz 0ms (cache hit)
702 http cache @babel/parser@https://registry.npmjs.org/@babel/parser/-/parser-7.29.2.tgz 0ms (cache hit)
703 http cache @babel/generator@https://registry.npmjs.org/@babel/generator/-/generator-7.29.1.tgz 0ms (cache hit)
704 http cache @babel/helper-compilation-targets@https://registry.npmjs.org/@babel/helper-compilation-targets/-/helper-compilation-targets-7.28.6.tgz 0ms (cache hit)
705 http cache @babel/code-frame@https://registry.npmjs.org/@babel/code-frame/-/code-frame-7.29.0.tgz 0ms (cache hit)
706 http cache @types/babel__core@https://registry.npmjs.org/@types/babel__core/-/babel__core-7.20.5.tgz 0ms (cache hit)
707 http cache @rolldown/pluginutils@https://registry.npmjs.org/@rolldown/pluginutils/-/pluginutils-1.0.0-beta.27.tgz 0ms (cache hit)
708 http cache react-refresh@https://registry.npmjs.org/react-refresh/-/react-refresh-0.17.0.tgz 0ms (cache hit)
709 http cache @babel/plugin-transform-react-jsx-self@https://registry.npmjs.org/@babel/plugin-transform-react-jsx-self/-/plugin-transform-react-jsx-self-7.27.1.tgz 0ms (cache hit)
710 http cache @babel/plugin-transform-react-jsx-source@https://registry.npmjs.org/@babel/plugin-transform-react-jsx-source/-/plugin-transform-react-jsx-source-7.27.1.tgz 0ms (cache hit)
711 http cache @vitejs/plugin-react@https://registry.npmjs.org/@vitejs/plugin-react/-/plugin-react-4.7.0.tgz 0ms (cache hit)
712 http cache react-dom@https://registry.npmjs.org/react-dom/-/react-dom-18.3.1.tgz 0ms (cache hit)
713 http cache @babel/core@https://registry.npmjs.org/@babel/core/-/core-7.29.0.tgz 0ms (cache hit)
714 silly tarball no local data for @types/estree@https://registry.npmjs.org/@types/estree/-/estree-1.0.8.tgz. Extracting by manifest.
715 http cache react@https://registry.npmjs.org/react/-/react-18.3.1.tgz 0ms (cache hit)
716 http cache vite@https://registry.npmjs.org/vite/-/vite-5.4.21.tgz 0ms (cache hit)
717 silly tarball no local data for @rollup/rollup-win32-x64-gnu@https://registry.npmjs.org/@rollup/rollup-win32-x64-gnu/-/rollup-win32-x64-gnu-4.60.2.tgz. Extracting by manifest.
718 silly tarball no local data for @rollup/rollup-win32-x64-msvc@https://registry.npmjs.org/@rollup/rollup-win32-x64-msvc/-/rollup-win32-x64-msvc-4.60.2.tgz. Extracting by manifest.
719 silly tarball no local data for source-map-js@https://registry.npmjs.org/source-map-js/-/source-map-js-1.2.1.tgz. Extracting by manifest.
720 silly tarball no local data for @esbuild/win32-x64@https://registry.npmjs.org/@esbuild/win32-x64/-/win32-x64-0.21.5.tgz. Extracting by manifest.
721 silly tarball no local data for nanoid@https://registry.npmjs.org/nanoid/-/nanoid-3.3.11.tgz. Extracting by manifest.
722 silly tarball no local data for rollup@https://registry.npmjs.org/rollup/-/rollup-4.60.2.tgz. Extracting by manifest.
723 silly tarball no local data for esbuild@https://registry.npmjs.org/esbuild/-/esbuild-0.21.5.tgz. Extracting by manifest.
724 silly tarball no local data for postcss@https://registry.npmjs.org/postcss/-/postcss-8.5.10.tgz. Extracting by manifest.
725 silly tarball no local data for loose-envify@https://registry.npmjs.org/loose-envify/-/loose-envify-1.4.0.tgz. Extracting by manifest.
726 silly tarball no local data for escalade@https://registry.npmjs.org/escalade/-/escalade-3.2.0.tgz. Extracting by manifest.
727 silly tarball no local data for yallist@https://registry.npmjs.org/yallist/-/yallist-3.1.1.tgz. Extracting by manifest.
728 silly tarball no local data for ms@https://registry.npmjs.org/ms/-/ms-2.1.3.tgz. Extracting by manifest.
729 silly tarball no local data for update-browserslist-db@https://registry.npmjs.org/update-browserslist-db/-/update-browserslist-db-1.2.3.tgz. Extracting by manifest.
730 silly tarball no local data for scheduler@https://registry.npmjs.org/scheduler/-/scheduler-0.23.2.tgz. Extracting by manifest.
731 silly tarball no local data for node-releases@https://registry.npmjs.org/node-releases/-/node-releases-2.0.37.tgz. Extracting by manifest.
732 silly tarball no local data for electron-to-chromium@https://registry.npmjs.org/electron-to-chromium/-/electron-to-chromium-1.5.340.tgz. Extracting by manifest.
733 silly tarball no local data for baseline-browser-mapping@https://registry.npmjs.org/baseline-browser-mapping/-/baseline-browser-mapping-2.10.20.tgz. Extracting by manifest.
734 silly tarball no local data for caniuse-lite@https://registry.npmjs.org/caniuse-lite/-/caniuse-lite-1.0.30001788.tgz. Extracting by manifest.
735 silly tarball no local data for @jridgewell/resolve-uri@https://registry.npmjs.org/@jridgewell/resolve-uri/-/resolve-uri-3.1.2.tgz. Extracting by manifest.
736 silly tarball no local data for @babel/helper-globals@https://registry.npmjs.org/@babel/helper-globals/-/helper-globals-7.28.0.tgz. Extracting by manifest.
737 silly tarball no local data for @types/babel__generator@https://registry.npmjs.org/@types/babel__generator/-/babel__generator-7.27.0.tgz. Extracting by manifest.
738 silly tarball no local data for @types/babel__traverse@https://registry.npmjs.org/@types/babel__traverse/-/babel__traverse-7.28.0.tgz. Extracting by manifest.
739 silly tarball no local data for @types/babel__template@https://registry.npmjs.org/@types/babel__template/-/babel__template-7.4.4.tgz. Extracting by manifest.
740 silly tarball no local data for lru-cache@https://registry.npmjs.org/lru-cache/-/lru-cache-5.1.1.tgz. Extracting by manifest.
741 silly tarball no local data for @babel/helper-plugin-utils@https://registry.npmjs.org/@babel/helper-plugin-utils/-/helper-plugin-utils-7.28.6.tgz. Extracting by manifest.
742 silly tarball no local data for @babel/helper-module-imports@https://registry.npmjs.org/@babel/helper-module-imports/-/helper-module-imports-7.28.6.tgz. Extracting by manifest.
743 silly tarball no local data for @jridgewell/trace-mapping@https://registry.npmjs.org/@jridgewell/trace-mapping/-/trace-mapping-0.3.31.tgz. Extracting by manifest.
744 silly tarball no local data for browserslist@https://registry.npmjs.org/browserslist/-/browserslist-4.28.2.tgz. Extracting by manifest.
745 silly tarball no local data for @babel/helper-validator-option@https://registry.npmjs.org/@babel/helper-validator-option/-/helper-validator-option-7.27.1.tgz. Extracting by manifest.
746 silly tarball no local data for @babel/helper-string-parser@https://registry.npmjs.org/@babel/helper-string-parser/-/helper-string-parser-7.27.1.tgz. Extracting by manifest.
747 silly tarball no local data for jsesc@https://registry.npmjs.org/jsesc/-/jsesc-3.1.0.tgz. Extracting by manifest.
748 silly tarball no local data for @babel/compat-data@https://registry.npmjs.org/@babel/compat-data/-/compat-data-7.29.0.tgz. Extracting by manifest.
749 silly tarball no local data for js-tokens@https://registry.npmjs.org/js-tokens/-/js-tokens-4.0.0.tgz. Extracting by manifest.
750 silly tarball no local data for @babel/helper-validator-identifier@https://registry.npmjs.org/@babel/helper-validator-identifier/-/helper-validator-identifier-7.28.5.tgz. Extracting by manifest.
751 silly tarball no local data for @jridgewell/gen-mapping@https://registry.npmjs.org/@jridgewell/gen-mapping/-/gen-mapping-0.3.13.tgz. Extracting by manifest.
752 silly tarball no local data for @jridgewell/sourcemap-codec@https://registry.npmjs.org/@jridgewell/sourcemap-codec/-/sourcemap-codec-1.5.5.tgz. Extracting by manifest.
753 silly tarball no local data for picocolors@https://registry.npmjs.org/picocolors/-/picocolors-1.1.1.tgz. Extracting by manifest.
754 silly tarball no local data for semver@https://registry.npmjs.org/semver/-/semver-6.3.1.tgz. Extracting by manifest.
755 silly tarball no local data for @jridgewell/remapping@https://registry.npmjs.org/@jridgewell/remapping/-/remapping-2.3.5.tgz. Extracting by manifest.
756 silly tarball no local data for debug@https://registry.npmjs.org/debug/-/debug-4.4.3.tgz. Extracting by manifest.
757 silly tarball no local data for json5@https://registry.npmjs.org/json5/-/json5-2.2.3.tgz. Extracting by manifest.
758 silly tarball no local data for convert-source-map@https://registry.npmjs.org/convert-source-map/-/convert-source-map-2.0.0.tgz. Extracting by manifest.
759 silly tarball no local data for gensync@https://registry.npmjs.org/gensync/-/gensync-1.0.0-beta.2.tgz. Extracting by manifest.
760 silly tarball no local data for @babel/types@https://registry.npmjs.org/@babel/types/-/types-7.29.0.tgz. Extracting by manifest.
761 silly tarball no local data for @babel/traverse@https://registry.npmjs.org/@babel/traverse/-/traverse-7.29.0.tgz. Extracting by manifest.
762 silly tarball no local data for @babel/template@https://registry.npmjs.org/@babel/template/-/template-7.28.6.tgz. Extracting by manifest.
763 silly tarball no local data for @babel/helpers@https://registry.npmjs.org/@babel/helpers/-/helpers-7.29.2.tgz. Extracting by manifest.
764 silly tarball no local data for @babel/helper-module-transforms@https://registry.npmjs.org/@babel/helper-module-transforms/-/helper-module-transforms-7.28.6.tgz. Extracting by manifest.
765 silly tarball no local data for @babel/parser@https://registry.npmjs.org/@babel/parser/-/parser-7.29.2.tgz. Extracting by manifest.
766 silly tarball no local data for @babel/generator@https://registry.npmjs.org/@babel/generator/-/generator-7.29.1.tgz. Extracting by manifest.
767 silly tarball no local data for @babel/helper-compilation-targets@https://registry.npmjs.org/@babel/helper-compilation-targets/-/helper-compilation-targets-7.28.6.tgz. Extracting by manifest.
768 silly tarball no local data for @babel/code-frame@https://registry.npmjs.org/@babel/code-frame/-/code-frame-7.29.0.tgz. Extracting by manifest.
769 silly tarball no local data for @types/babel__core@https://registry.npmjs.org/@types/babel__core/-/babel__core-7.20.5.tgz. Extracting by manifest.
770 silly tarball no local data for @rolldown/pluginutils@https://registry.npmjs.org/@rolldown/pluginutils/-/pluginutils-1.0.0-beta.27.tgz. Extracting by manifest.
771 silly tarball no local data for react-refresh@https://registry.npmjs.org/react-refresh/-/react-refresh-0.17.0.tgz. Extracting by manifest.
772 silly tarball no local data for @babel/plugin-transform-react-jsx-self@https://registry.npmjs.org/@babel/plugin-transform-react-jsx-self/-/plugin-transform-react-jsx-self-7.27.1.tgz. Extracting by manifest.
773 silly tarball no local data for @babel/plugin-transform-react-jsx-source@https://registry.npmjs.org/@babel/plugin-transform-react-jsx-source/-/plugin-transform-react-jsx-source-7.27.1.tgz. Extracting by manifest.
774 silly tarball no local data for @vitejs/plugin-react@https://registry.npmjs.org/@vitejs/plugin-react/-/plugin-react-4.7.0.tgz. Extracting by manifest.
775 silly tarball no local data for react-dom@https://registry.npmjs.org/react-dom/-/react-dom-18.3.1.tgz. Extracting by manifest.
776 silly tarball no local data for @babel/core@https://registry.npmjs.org/@babel/core/-/core-7.29.0.tgz. Extracting by manifest.
777 silly tarball no local data for react@https://registry.npmjs.org/react/-/react-18.3.1.tgz. Extracting by manifest.
778 silly tarball no local data for vite@https://registry.npmjs.org/vite/-/vite-5.4.21.tgz. Extracting by manifest.
779 http fetch GET 200 https://registry.npmjs.org/@types/estree/-/estree-1.0.8.tgz 327ms (cache miss)
780 http fetch GET 200 https://registry.npmjs.org/loose-envify/-/loose-envify-1.4.0.tgz 332ms (cache miss)
781 http fetch GET 200 https://registry.npmjs.org/nanoid/-/nanoid-3.3.11.tgz 342ms (cache miss)
782 http fetch GET 200 https://registry.npmjs.org/esbuild/-/esbuild-0.21.5.tgz 375ms (cache miss)
783 http fetch GET 200 https://registry.npmjs.org/source-map-js/-/source-map-js-1.2.1.tgz 389ms (cache miss)
784 http fetch POST 200 https://registry.npmjs.org/-/npm/v1/security/advisories/bulk 476ms
785 silly audit report {
785 silly audit report   vite: [
785 silly audit report     {
785 silly audit report       id: 1116229,
785 silly audit report       url: 'https://github.com/advisories/GHSA-4w7w-66w2-5vf9',
785 silly audit report       title: 'Vite Vulnerable to Path Traversal in Optimized Deps `.map` Handling',
785 silly audit report       severity: 'moderate',
785 silly audit report       vulnerable_versions: '<=6.4.1',
785 silly audit report       cwe: [Array],
785 silly audit report       cvss: [Object]
785 silly audit report     }
785 silly audit report   ],
785 silly audit report   esbuild: [
785 silly audit report     {
785 silly audit report       id: 1102341,
785 silly audit report       url: 'https://github.com/advisories/GHSA-67mh-4wv8-2f99',
785 silly audit report       title: 'esbuild enables any website to send any requests to the development server and read the response',
785 silly audit report       severity: 'moderate',
785 silly audit report       vulnerable_versions: '<=0.24.2',
785 silly audit report       cwe: [Array],
785 silly audit report       cvss: [Object]
785 silly audit report     }
785 silly audit report   ]
785 silly audit report }
786 silly packumentCache corgi:https://registry.npmjs.org/vite cache-miss
787 silly packumentCache corgi:https://registry.npmjs.org/esbuild cache-miss
788 http fetch GET 200 https://registry.npmjs.org/node-releases/-/node-releases-2.0.37.tgz 472ms (cache miss)
789 http fetch GET 200 https://registry.npmjs.org/scheduler/-/scheduler-0.23.2.tgz 500ms (cache miss)
790 http fetch GET 200 https://registry.npmjs.org/baseline-browser-mapping/-/baseline-browser-mapping-2.10.20.tgz 573ms (cache miss)
791 http fetch GET 200 https://registry.npmjs.org/electron-to-chromium/-/electron-to-chromium-1.5.340.tgz 637ms (cache miss)
792 http fetch GET 200 https://registry.npmjs.org/postcss/-/postcss-8.5.10.tgz 648ms (cache miss)
793 http fetch GET 200 https://registry.npmjs.org/@babel/helper-globals/-/helper-globals-7.28.0.tgz 679ms (cache miss)
794 http fetch GET 200 https://registry.npmjs.org/@jridgewell/resolve-uri/-/resolve-uri-3.1.2.tgz 688ms (cache miss)
795 http fetch GET 200 https://registry.npmjs.org/@types/babel__generator/-/babel__generator-7.27.0.tgz 721ms (cache miss)
796 http fetch GET 200 https://registry.npmjs.org/@types/babel__template/-/babel__template-7.4.4.tgz 792ms (cache miss)
797 http fetch GET 200 https://registry.npmjs.org/ms/-/ms-2.1.3.tgz 876ms (cache miss)
798 http fetch GET 200 https://registry.npmjs.org/lru-cache/-/lru-cache-5.1.1.tgz 867ms (cache miss)
799 http fetch GET 200 https://registry.npmjs.org/@babel/helper-plugin-utils/-/helper-plugin-utils-7.28.6.tgz 882ms (cache miss)
800 http fetch GET 200 https://registry.npmjs.org/@babel/helper-module-imports/-/helper-module-imports-7.28.6.tgz 897ms (cache miss)
801 http fetch GET 200 https://registry.npmjs.org/escalade/-/escalade-3.2.0.tgz 947ms (cache miss)
802 http fetch GET 200 https://registry.npmjs.org/@babel/helper-string-parser/-/helper-string-parser-7.27.1.tgz 1083ms (cache miss)
803 http fetch GET 200 https://registry.npmjs.org/@babel/helper-validator-option/-/helper-validator-option-7.27.1.tgz 1090ms (cache miss)
804 http fetch GET 200 https://registry.npmjs.org/@babel/compat-data/-/compat-data-7.29.0.tgz 1096ms (cache miss)
805 http fetch GET 200 https://registry.npmjs.org/js-tokens/-/js-tokens-4.0.0.tgz 1101ms (cache miss)
806 http fetch GET 200 https://registry.npmjs.org/@jridgewell/trace-mapping/-/trace-mapping-0.3.31.tgz 1186ms (cache miss)
807 http fetch GET 200 https://registry.npmjs.org/@babel/helper-validator-identifier/-/helper-validator-identifier-7.28.5.tgz 1184ms (cache miss)
808 http fetch GET 200 https://registry.npmjs.org/@types/babel__traverse/-/babel__traverse-7.28.0.tgz 1225ms (cache miss)
809 http fetch GET 200 https://registry.npmjs.org/browserslist/-/browserslist-4.28.2.tgz 1328ms (cache miss)
810 http fetch GET 200 https://registry.npmjs.org/picocolors/-/picocolors-1.1.1.tgz 1350ms (cache miss)
811 http fetch GET 200 https://registry.npmjs.org/jsesc/-/jsesc-3.1.0.tgz 1355ms (cache miss)
812 http fetch GET 200 https://registry.npmjs.org/@jridgewell/gen-mapping/-/gen-mapping-0.3.13.tgz 1454ms (cache miss)
813 http fetch GET 200 https://registry.npmjs.org/semver/-/semver-6.3.1.tgz 1456ms (cache miss)
814 http fetch GET 200 https://registry.npmjs.org/@jridgewell/sourcemap-codec/-/sourcemap-codec-1.5.5.tgz 1472ms (cache miss)
815 http fetch GET 200 https://registry.npmjs.org/yallist/-/yallist-3.1.1.tgz 1497ms (cache miss)
816 http fetch GET 200 https://registry.npmjs.org/debug/-/debug-4.4.3.tgz 1525ms (cache miss)
817 http fetch GET 200 https://registry.npmjs.org/convert-source-map/-/convert-source-map-2.0.0.tgz 1568ms (cache miss)
818 http fetch GET 200 https://registry.npmjs.org/gensync/-/gensync-1.0.0-beta.2.tgz 1584ms (cache miss)
819 http fetch GET 200 https://registry.npmjs.org/@jridgewell/remapping/-/remapping-2.3.5.tgz 1598ms (cache miss)
820 http fetch GET 200 https://registry.npmjs.org/@babel/template/-/template-7.28.6.tgz 1726ms (cache miss)
821 http fetch GET 200 https://registry.npmjs.org/json5/-/json5-2.2.3.tgz 2017ms (cache miss)
822 http fetch GET 200 https://registry.npmjs.org/@babel/helper-module-transforms/-/helper-module-transforms-7.28.6.tgz 2088ms (cache miss)
823 http fetch GET 200 https://registry.npmjs.org/update-browserslist-db/-/update-browserslist-db-1.2.3.tgz 2201ms (cache miss)
824 http fetch GET 200 https://registry.npmjs.org/@babel/code-frame/-/code-frame-7.29.0.tgz 2371ms (cache miss)
825 http fetch GET 200 https://registry.npmjs.org/@rolldown/pluginutils/-/pluginutils-1.0.0-beta.27.tgz 2402ms (cache miss)
826 http fetch GET 200 https://registry.npmjs.org/react-refresh/-/react-refresh-0.17.0.tgz 2459ms (cache miss)
827 http fetch GET 200 https://registry.npmjs.org/@types/babel__core/-/babel__core-7.20.5.tgz 2540ms (cache miss)
828 http fetch GET 200 https://registry.npmjs.org/@babel/traverse/-/traverse-7.29.0.tgz 2629ms (cache miss)
829 http fetch GET 200 https://registry.npmjs.org/@babel/plugin-transform-react-jsx-self/-/plugin-transform-react-jsx-self-7.27.1.tgz 2656ms (cache miss)
830 http fetch GET 200 https://registry.npmjs.org/@babel/plugin-transform-react-jsx-source/-/plugin-transform-react-jsx-source-7.27.1.tgz 2681ms (cache miss)
831 http fetch GET 200 https://registry.npmjs.org/@vitejs/plugin-react/-/plugin-react-4.7.0.tgz 2762ms (cache miss)
832 http fetch GET 200 https://registry.npmjs.org/@babel/generator/-/generator-7.29.1.tgz 3163ms (cache miss)
833 http fetch GET 200 https://registry.npmjs.org/rollup/-/rollup-4.60.2.tgz 3279ms (cache miss)
834 http fetch GET 200 https://registry.npmjs.org/@babel/helpers/-/helpers-7.29.2.tgz 3357ms (cache miss)
835 http fetch GET 200 https://registry.npmjs.org/@babel/helper-compilation-targets/-/helper-compilation-targets-7.28.6.tgz 3566ms (cache miss)
836 http fetch GET 200 https://registry.npmjs.org/caniuse-lite/-/caniuse-lite-1.0.30001788.tgz 3854ms (cache miss)
837 http fetch GET 200 https://registry.npmjs.org/react/-/react-18.3.1.tgz 4506ms (cache miss)
838 http fetch GET 200 https://registry.npmjs.org/@babel/types/-/types-7.29.0.tgz 6749ms (cache miss)
839 http fetch GET 200 https://registry.npmjs.org/esbuild 6375ms (cache miss)
840 silly packumentCache corgi:https://registry.npmjs.org/esbuild set size:undefined disposed:false
841 http fetch GET 200 https://registry.npmjs.org/@rollup/rollup-win32-x64-gnu/-/rollup-win32-x64-gnu-4.60.2.tgz 7064ms (cache miss)
842 http fetch GET 200 https://registry.npmjs.org/@babel/core/-/core-7.29.0.tgz 7694ms (cache miss)
843 http fetch GET 200 https://registry.npmjs.org/vite 8480ms (cache miss)
844 silly packumentCache corgi:https://registry.npmjs.org/vite set size:undefined disposed:false
845 silly packumentCache corgi:https://registry.npmjs.org/@vitejs%2fplugin-react cache-miss
846 http fetch GET 200 https://registry.npmjs.org/@vitejs%2fplugin-react 910ms (cache miss)
847 silly packumentCache corgi:https://registry.npmjs.org/@vitejs%2fplugin-react set size:undefined disposed:false
848 http fetch GET 200 https://registry.npmjs.org/vite/-/vite-5.4.21.tgz 10221ms (cache miss)
849 http fetch GET 200 https://registry.npmjs.org/@rollup/rollup-win32-x64-msvc/-/rollup-win32-x64-msvc-4.60.2.tgz 10642ms (cache miss)
850 http fetch GET 200 https://registry.npmjs.org/@babel/parser/-/parser-7.29.2.tgz 13581ms (cache miss)
851 http fetch GET 200 https://registry.npmjs.org/react-dom/-/react-dom-18.3.1.tgz 23499ms (cache miss)
852 http fetch GET 200 https://registry.npmjs.org/@esbuild/win32-x64/-/win32-x64-0.21.5.tgz 53003ms (cache miss)
853 info run esbuild@0.21.5 postinstall node_modules/esbuild node install.js
854 info run esbuild@0.21.5 postinstall { code: 0, signal: null }
855 silly ADD node_modules/@types/estree
856 silly ADD node_modules/@rollup/rollup-win32-x64-msvc
857 silly ADD node_modules/@rollup/rollup-win32-x64-gnu
858 silly ADD node_modules/source-map-js
859 silly ADD node_modules/nanoid
860 silly ADD node_modules/@esbuild/win32-x64
861 silly ADD node_modules/rollup
862 silly ADD node_modules/postcss
863 silly ADD node_modules/esbuild
864 silly ADD node_modules/escalade
865 silly ADD node_modules/scheduler
866 silly ADD node_modules/loose-envify
867 silly ADD node_modules/yallist
868 silly ADD node_modules/ms
869 silly ADD node_modules/update-browserslist-db
870 silly ADD node_modules/node-releases
871 silly ADD node_modules/electron-to-chromium
872 silly ADD node_modules/caniuse-lite
873 silly ADD node_modules/baseline-browser-mapping
874 silly ADD node_modules/@types/babel__traverse
875 silly ADD node_modules/@types/babel__template
876 silly ADD node_modules/@types/babel__generator
877 silly ADD node_modules/@jridgewell/resolve-uri
878 silly ADD node_modules/@jridgewell/sourcemap-codec
879 silly ADD node_modules/@babel/helper-string-parser
880 silly ADD node_modules/@babel/helper-globals
881 silly ADD node_modules/@babel/helper-plugin-utils
882 silly ADD node_modules/@babel/helper-module-imports
883 silly ADD node_modules/lru-cache
884 silly ADD node_modules/browserslist
885 silly ADD node_modules/@babel/helper-validator-option
886 silly ADD node_modules/@babel/compat-data
887 silly ADD node_modules/jsesc
888 silly ADD node_modules/@jridgewell/trace-mapping
889 silly ADD node_modules/@jridgewell/gen-mapping
890 silly ADD node_modules/picocolors
891 silly ADD node_modules/js-tokens
892 silly ADD node_modules/@babel/helper-validator-identifier
893 silly ADD node_modules/semver
894 silly ADD node_modules/json5
895 silly ADD node_modules/gensync
896 silly ADD node_modules/debug
897 silly ADD node_modules/convert-source-map
898 silly ADD node_modules/@jridgewell/remapping
899 silly ADD node_modules/@babel/types
900 silly ADD node_modules/@babel/traverse
901 silly ADD node_modules/@babel/template
902 silly ADD node_modules/@babel/parser
903 silly ADD node_modules/@babel/helpers
904 silly ADD node_modules/@babel/helper-module-transforms
905 silly ADD node_modules/@babel/helper-compilation-targets
906 silly ADD node_modules/@babel/generator
907 silly ADD node_modules/@babel/code-frame
908 silly ADD node_modules/react-refresh
909 silly ADD node_modules/@types/babel__core
910 silly ADD node_modules/@rolldown/pluginutils
911 silly ADD node_modules/@babel/plugin-transform-react-jsx-source
912 silly ADD node_modules/@babel/plugin-transform-react-jsx-self
913 silly ADD node_modules/@babel/core
914 silly ADD node_modules/react-dom
915 silly ADD node_modules/react
916 silly ADD node_modules/vite
917 silly ADD node_modules/@vitejs/plugin-react
918 verbose cwd E:\coding\VSCODE\Porto
919 verbose os Windows_NT 10.0.22631
920 verbose node v24.13.0
921 verbose npm  v11.6.2
922 verbose exit 0
923 info ok
