0 verbose cli E:\coding\code stack\nodejs\node.exe E:\coding\code stack\nodejs\node_modules\npm\bin\npm-cli.js
1 info using npm@11.6.2
2 info using node@v24.13.0
3 silly config load:file:E:\coding\code stack\nodejs\node_modules\npm\npmrc
4 silly config load:file:E:\coding\VSCODE\Porto\.npmrc
5 silly config load:file:C:\Users\LENOVO\.npmrc
6 silly config load:file:C:\Users\LENOVO\AppData\Roaming\npm\etc\npmrc
7 verbose title npm install
8 verbose argv "install"
9 verbose logfile logs-max:10 dir:E:\coding\VSCODE\Porto\.npm-cache\_logs\2026-04-21T12_49_20_153Z-
10 verbose logfile E:\coding\VSCODE\Porto\.npm-cache\_logs\2026-04-21T12_49_20_153Z-debug-0.log
11 silly logfile done cleaning log files
12 silly packumentCache heap:2348810240 maxSize:587202560 maxEntrySize:293601280
13 silly idealTree buildDeps
14 silly fetch manifest react@^18.3.1
15 silly packumentCache full:https://registry.npmjs.org/react cache-miss
16 http fetch GET https://registry.npmjs.org/react attempt 1 failed with EACCES
17 http fetch GET https://registry.npmjs.org/react attempt 2 failed with EACCES
18 http fetch GET https://registry.npmjs.org/react attempt 3 failed with EACCES
19 silly fetch manifest react-dom@^18.3.1
20 silly packumentCache full:https://registry.npmjs.org/react-dom cache-miss
21 http fetch GET https://registry.npmjs.org/react-dom attempt 1 failed with EACCES
22 http fetch GET https://registry.npmjs.org/react-dom attempt 2 failed with EACCES
23 http fetch GET https://registry.npmjs.org/react-dom attempt 3 failed with EACCES
24 silly fetch manifest @vitejs/plugin-react@^4.3.1
25 silly packumentCache full:https://registry.npmjs.org/@vitejs%2fplugin-react cache-miss
26 http fetch GET https://registry.npmjs.org/@vitejs%2fplugin-react attempt 1 failed with EACCES
27 http fetch GET https://registry.npmjs.org/@vitejs%2fplugin-react attempt 2 failed with EACCES
28 http fetch GET https://registry.npmjs.org/@vitejs%2fplugin-react attempt 3 failed with EACCES
29 silly fetch manifest vite@^5.4.10
30 silly packumentCache full:https://registry.npmjs.org/vite cache-miss
31 http fetch GET https://registry.npmjs.org/vite attempt 1 failed with EACCES
32 http fetch GET https://registry.npmjs.org/vite attempt 2 failed with EACCES
33 http fetch GET https://registry.npmjs.org/vite attempt 3 failed with EACCES
34 silly placeDep ROOT @vitejs/plugin-react@ OK for: porto-linktree@0.1.0 want: ^4.3.1
35 silly placeDep ROOT react@ OK for: porto-linktree@0.1.0 want: ^18.3.1
36 silly placeDep ROOT react-dom@ OK for: porto-linktree@0.1.0 want: ^18.3.1
37 silly placeDep ROOT vite@ OK for: porto-linktree@0.1.0 want: ^5.4.10
38 verbose type system
39 verbose stack FetchError: request to https://registry.npmjs.org/@vitejs%2fplugin-react failed, reason: 
39 verbose stack     at ClientRequest.<anonymous> (E:\coding\code stack\nodejs\node_modules\npm\node_modules\minipass-fetch\lib\index.js:130:14)
39 verbose stack     at ClientRequest.emit (node:events:508:28)
39 verbose stack     at emitErrorEvent (node:_http_client:108:11)
39 verbose stack     at _destroy (node:_http_client:962:9)
39 verbose stack     at onSocketNT (node:_http_client:982:5)
39 verbose stack     at process.processTicksAndRejections (node:internal/process/task_queues:90:21)
40 error code EACCES
41 error errno EACCES
42 error FetchError: request to https://registry.npmjs.org/@vitejs%2fplugin-react failed, reason: 
42 error     at ClientRequest.<anonymous> (E:\coding\code stack\nodejs\node_modules\npm\node_modules\minipass-fetch\lib\index.js:130:14)
42 error     at ClientRequest.emit (node:events:508:28)
42 error     at emitErrorEvent (node:_http_client:108:11)
42 error     at _destroy (node:_http_client:962:9)
42 error     at onSocketNT (node:_http_client:982:5)
42 error     at process.processTicksAndRejections (node:internal/process/task_queues:90:21) {
42 error   code: 'EACCES',
42 error   errno: 'EACCES',
42 error   type: 'system',
42 error   requiredBy: '.'
42 error }
43 error
43 error The operation was rejected by your operating system.
43 error It's possible that the file was already in use (by a text editor or antivirus),
43 error or that you lack permissions to access it.
43 error
43 error If you believe this might be a permissions issue, please double-check the
43 error permissions of the file and its containing directories, or try running
43 error the command again as root/Administrator.
44 silly unfinished npm timer reify 1776775762273
45 silly unfinished npm timer reify:loadTrees 1776775762279
46 verbose cwd E:\coding\VSCODE\Porto
47 verbose os Windows_NT 10.0.22631
48 verbose node v24.13.0
49 verbose npm  v11.6.2
50 verbose exit 1
51 verbose code 1
52 error A complete log of this run can be found in: E:\coding\VSCODE\Porto\.npm-cache\_logs\2026-04-21T12_49_20_153Z-debug-0.log
